[2022-02-12 10:36:04] local.ERROR: Client error: `POST https://test.instamojo.com/api/1.1/payment-requests/` resulted in a `400 Bad Request` response:
{
    "success": false,
    "message": {
        "amount": [
            "Amount cannot be less than INR 9.00."
         (truncated...)
 {"userId":2394,"exception":"[object] (GuzzleHttp\\Exception\\ClientException(code: 400): Client error: `POST https://test.instamojo.com/api/1.1/payment-requests/` resulted in a `400 Bad Request` response:
{
    \"success\": false,
    \"message\": {
        \"amount\": [
            \"Amount cannot be less than INR 9.00.\"
         (truncated...)
 at /Users/rahuljograna/Documents/store/Sayna/grocery_ultimate/api/vendor/guzzlehttp/guzzle/src/Exception/RequestException.php:113)
[stacktrace]
#0 /Users/rahuljograna/Documents/store/Sayna/grocery_ultimate/api/vendor/guzzlehttp/guzzle/src/Middleware.php(69): GuzzleHttp\\Exception\\RequestException::create(Object(GuzzleHttp\\Psr7\\Request), Object(GuzzleHttp\\Psr7\\Response), NULL, Array, NULL)
#1 /Users/rahuljograna/Documents/store/Sayna/grocery_ultimate/api/vendor/guzzlehttp/promises/src/Promise.php(204): GuzzleHttp\\Middleware::GuzzleHttp\\{closure}(Object(GuzzleHttp\\Psr7\\Response))
#2 /Users/rahuljograna/Documents/store/Sayna/grocery_ultimate/api/vendor/guzzlehttp/promises/src/Promise.php(153): GuzzleHttp\\Promise\\Promise::callHandler(1, Object(GuzzleHttp\\Psr7\\Response), NULL)
#3 /Users/rahuljograna/Documents/store/Sayna/grocery_ultimate/api/vendor/guzzlehttp/promises/src/TaskQueue.php(48): GuzzleHttp\\Promise\\Promise::GuzzleHttp\\Promise\\{closure}()
#4 /Users/rahuljograna/Documents/store/Sayna/grocery_ultimate/api/vendor/guzzlehttp/promises/src/Promise.php(248): GuzzleHttp\\Promise\\TaskQueue->run(true)
#5 /Users/rahuljograna/Documents/store/Sayna/grocery_ultimate/api/vendor/guzzlehttp/promises/src/Promise.php(224): GuzzleHttp\\Promise\\Promise->invokeWaitFn()
#6 /Users/rahuljograna/Documents/store/Sayna/grocery_ultimate/api/vendor/guzzlehttp/promises/src/Promise.php(269): GuzzleHttp\\Promise\\Promise->waitIfPending()
#7 /Users/rahuljograna/Documents/store/Sayna/grocery_ultimate/api/vendor/guzzlehttp/promises/src/Promise.php(226): GuzzleHttp\\Promise\\Promise->invokeWaitList()
#8 /Users/rahuljograna/Documents/store/Sayna/grocery_ultimate/api/vendor/guzzlehttp/promises/src/Promise.php(62): GuzzleHttp\\Promise\\Promise->waitIfPending()
#9 /Users/rahuljograna/Documents/store/Sayna/grocery_ultimate/api/vendor/guzzlehttp/guzzle/src/Client.php(187): GuzzleHttp\\Promise\\Promise->wait()
#10 /Users/rahuljograna/Documents/store/Sayna/grocery_ultimate/api/app/Http/Controllers/v1/PaymentsController.php(1030): GuzzleHttp\\Client->request('POST', 'https://test.in...', Array)
#11 [internal function]: App\\Http\\Controllers\\v1\\PaymentsController->instamojoPay(Object(Illuminate\\Http\\Request))
#12 /Users/rahuljograna/Documents/store/Sayna/grocery_ultimate/api/vendor/laravel/framework/src/Illuminate/Routing/Controller.php(54): call_user_func_array(Array, Array)
#13 /Users/rahuljograna/Documents/store/Sayna/grocery_ultimate/api/vendor/laravel/framework/src/Illuminate/Routing/ControllerDispatcher.php(45): Illuminate\\Routing\\Controller->callAction('instamojoPay', Array)
#14 /Users/rahuljograna/Documents/store/Sayna/grocery_ultimate/api/vendor/laravel/framework/src/Illuminate/Routing/Route.php(219): Illuminate\\Routing\\ControllerDispatcher->dispatch(Object(Illuminate\\Routing\\Route), Object(App\\Http\\Controllers\\v1\\PaymentsController), 'instamojoPay')
#15 /Users/rahuljograna/Documents/store/Sayna/grocery_ultimate/api/vendor/laravel/framework/src/Illuminate/Routing/Route.php(176): Illuminate\\Routing\\Route->runController()
#16 /Users/rahuljograna/Documents/store/Sayna/grocery_ultimate/api/vendor/laravel/framework/src/Illuminate/Routing/Router.php(681): Illuminate\\Routing\\Route->run()
#17 /Users/rahuljograna/Documents/store/Sayna/grocery_ultimate/api/vendor/laravel/framework/src/Illuminate/Pipeline/Pipeline.php(130): Illuminate\\Routing\\Router->Illuminate\\Routing\\{closure}(Object(Illuminate\\Http\\Request))
#18 /Users/rahuljograna/Documents/store/Sayna/grocery_ultimate/api/vendor/laravel/framework/src/Illuminate/Routing/Middleware/SubstituteBindings.php(41): Illuminate\\Pipeline\\Pipeline->Illuminate\\Pipeline\\{closure}(Object(Illuminate\\Http\\Request))
#19 /Users/rahuljograna/Documents/store/Sayna/grocery_ultimate/api/vendor/laravel/framework/src/Illuminate/Pipeline/Pipeline.php(171): Illuminate\\Routing\\Middleware\\SubstituteBindings->handle(Object(Illuminate\\Http\\Request), Object(Closure))
#20 /Users/rahuljograna/Documents/store/Sayna/grocery_ultimate/api/vendor/laravel/framework/src/Illuminate/Routing/Middleware/ThrottleRequests.php(59): Illuminate\\Pipeline\\Pipeline->Illuminate\\Pipeline\\{closure}(Object(Illuminate\\Http\\Request))
#21 /Users/rahuljograna/Documents/store/Sayna/grocery_ultimate/api/vendor/laravel/framework/src/Illuminate/Pipeline/Pipeline.php(171): Illuminate\\Routing\\Middleware\\ThrottleRequests->handle(Object(Illuminate\\Http\\Request), Object(Closure), 60, '1')
#22 /Users/rahuljograna/Documents/store/Sayna/grocery_ultimate/api/vendor/laravel/framework/src/Illuminate/Pipeline/Pipeline.php(105): Illuminate\\Pipeline\\Pipeline->Illuminate\\Pipeline\\{closure}(Object(Illuminate\\Http\\Request))
#23 /Users/rahuljograna/Documents/store/Sayna/grocery_ultimate/api/vendor/laravel/framework/src/Illuminate/Routing/Router.php(683): Illuminate\\Pipeline\\Pipeline->then(Object(Closure))
#24 /Users/rahuljograna/Documents/store/Sayna/grocery_ultimate/api/vendor/laravel/framework/src/Illuminate/Routing/Router.php(658): Illuminate\\Routing\\Router->runRouteWithinStack(Object(Illuminate\\Routing\\Route), Object(Illuminate\\Http\\Request))
#25 /Users/rahuljograna/Documents/store/Sayna/grocery_ultimate/api/vendor/laravel/framework/src/Illuminate/Routing/Router.php(624): Illuminate\\Routing\\Router->runRoute(Object(Illuminate\\Http\\Request), Object(Illuminate\\Routing\\Route))
#26 /Users/rahuljograna/Documents/store/Sayna/grocery_ultimate/api/vendor/laravel/framework/src/Illuminate/Routing/Router.php(613): Illuminate\\Routing\\Router->dispatchToRoute(Object(Illuminate\\Http\\Request))
#27 /Users/rahuljograna/Documents/store/Sayna/grocery_ultimate/api/vendor/laravel/framework/src/Illuminate/Foundation/Http/Kernel.php(170): Illuminate\\Routing\\Router->dispatch(Object(Illuminate\\Http\\Request))
#28 /Users/rahuljograna/Documents/store/Sayna/grocery_ultimate/api/vendor/laravel/framework/src/Illuminate/Pipeline/Pipeline.php(130): Illuminate\\Foundation\\Http\\Kernel->Illuminate\\Foundation\\Http\\{closure}(Object(Illuminate\\Http\\Request))
#29 /Users/rahuljograna/Documents/store/Sayna/grocery_ultimate/api/app/Http/Middleware/AddToLog.php(19): Illuminate\\Pipeline\\Pipeline->Illuminate\\Pipeline\\{closure}(Object(Illuminate\\Http\\Request))
#30 /Users/rahuljograna/Documents/store/Sayna/grocery_ultimate/api/vendor/laravel/framework/src/Illuminate/Pipeline/Pipeline.php(171): App\\Http\\Middleware\\AddToLog->handle(Object(Illuminate\\Http\\Request), Object(Closure))
#31 /Users/rahuljograna/Documents/store/Sayna/grocery_ultimate/api/vendor/fruitcake/laravel-cors/src/HandleCors.php(50): Illuminate\\Pipeline\\Pipeline->Illuminate\\Pipeline\\{closure}(Object(Illuminate\\Http\\Request))
#32 /Users/rahuljograna/Documents/store/Sayna/grocery_ultimate/api/vendor/laravel/framework/src/Illuminate/Pipeline/Pipeline.php(171): Fruitcake\\Cors\\HandleCors->handle(Object(Illuminate\\Http\\Request), Object(Closure))
#33 /Users/rahuljograna/Documents/store/Sayna/grocery_ultimate/api/vendor/laravel/framework/src/Illuminate/Foundation/Http/Middleware/TransformsRequest.php(21): Illuminate\\Pipeline\\Pipeline->Illuminate\\Pipeline\\{closure}(Object(Illuminate\\Http\\Request))
#34 /Users/rahuljograna/Documents/store/Sayna/grocery_ultimate/api/vendor/laravel/framework/src/Illuminate/Pipeline/Pipeline.php(171): Illuminate\\Foundation\\Http\\Middleware\\TransformsRequest->handle(Object(Illuminate\\Http\\Request), Object(Closure))
#35 /Users/rahuljograna/Documents/store/Sayna/grocery_ultimate/api/vendor/laravel/framework/src/Illuminate/Foundation/Http/Middleware/TransformsRequest.php(21): Illuminate\\Pipeline\\Pipeline->Illuminate\\Pipeline\\{closure}(Object(Illuminate\\Http\\Request))
#36 /Users/rahuljograna/Documents/store/Sayna/grocery_ultimate/api/vendor/laravel/framework/src/Illuminate/Pipeline/Pipeline.php(171): Illuminate\\Foundation\\Http\\Middleware\\TransformsRequest->handle(Object(Illuminate\\Http\\Request), Object(Closure))
#37 /Users/rahuljograna/Documents/store/Sayna/grocery_ultimate/api/vendor/laravel/framework/src/Illuminate/Foundation/Http/Middleware/ValidatePostSize.php(27): Illuminate\\Pipeline\\Pipeline->Illuminate\\Pipeline\\{closure}(Object(Illuminate\\Http\\Request))
#38 /Users/rahuljograna/Documents/store/Sayna/grocery_ultimate/api/vendor/laravel/framework/src/Illuminate/Pipeline/Pipeline.php(171): Illuminate\\Foundation\\Http\\Middleware\\ValidatePostSize->handle(Object(Illuminate\\Http\\Request), Object(Closure))
#39 /Users/rahuljograna/Documents/store/Sayna/grocery_ultimate/api/vendor/laravel/framework/src/Illuminate/Foundation/Http/Middleware/CheckForMaintenanceMode.php(63): Illuminate\\Pipeline\\Pipeline->Illuminate\\Pipeline\\{closure}(Object(Illuminate\\Http\\Request))
#40 /Users/rahuljograna/Documents/store/Sayna/grocery_ultimate/api/vendor/laravel/framework/src/Illuminate/Pipeline/Pipeline.php(171): Illuminate\\Foundation\\Http\\Middleware\\CheckForMaintenanceMode->handle(Object(Illuminate\\Http\\Request), Object(Closure))
#41 /Users/rahuljograna/Documents/store/Sayna/grocery_ultimate/api/vendor/fideloper/proxy/src/TrustProxies.php(57): Illuminate\\Pipeline\\Pipeline->Illuminate\\Pipeline\\{closure}(Object(Illuminate\\Http\\Request))
#42 /Users/rahuljograna/Documents/store/Sayna/grocery_ultimate/api/vendor/laravel/framework/src/Illuminate/Pipeline/Pipeline.php(171): Fideloper\\Proxy\\TrustProxies->handle(Object(Illuminate\\Http\\Request), Object(Closure))
#43 /Users/rahuljograna/Documents/store/Sayna/grocery_ultimate/api/vendor/laravel/framework/src/Illuminate/Pipeline/Pipeline.php(105): Illuminate\\Pipeline\\Pipeline->Illuminate\\Pipeline\\{closure}(Object(Illuminate\\Http\\Request))
#44 /Users/rahuljograna/Documents/store/Sayna/grocery_ultimate/api/vendor/laravel/framework/src/Illuminate/Foundation/Http/Kernel.php(145): Illuminate\\Pipeline\\Pipeline->then(Object(Closure))
#45 /Users/rahuljograna/Documents/store/Sayna/grocery_ultimate/api/vendor/laravel/framework/src/Illuminate/Foundation/Http/Kernel.php(110): Illuminate\\Foundation\\Http\\Kernel->sendRequestThroughRouter(Object(Illuminate\\Http\\Request))
#46 /Users/rahuljograna/Documents/store/Sayna/grocery_ultimate/api/public/index.php(55): Illuminate\\Foundation\\Http\\Kernel->handle(Object(Illuminate\\Http\\Request))
#47 /Users/rahuljograna/Documents/store/Sayna/grocery_ultimate/api/server.php(28): require_once('/Users/rahuljog...')
#48 {main}
"} 
