[2022-08-29 17:55:43] laravel.EMERGENCY: Unable to create configured logger. Using emergency logger. {"exception":"[object] (Error(code: 0): Class \"Illuminate\\Support\\Collection\" not found at /var/www/freelance-gomed-laravel6-php7.2/vendor/laravel/framework/src/Illuminate/Support/helpers.php:109)
[stacktrace]
#0 /var/www/freelance-gomed-laravel6-php7.2/vendor/laravel/framework/src/Illuminate/Log/LogManager.php(240): collect()
#1 /var/www/freelance-gomed-laravel6-php7.2/vendor/laravel/framework/src/Illuminate/Log/LogManager.php(202): Illuminate\\Log\\LogManager->createStackDriver()
#2 /var/www/freelance-gomed-laravel6-php7.2/vendor/laravel/framework/src/Illuminate/Log/LogManager.php(118): Illuminate\\Log\\LogManager->resolve()
#3 /var/www/freelance-gomed-laravel6-php7.2/vendor/laravel/framework/src/Illuminate/Log/LogManager.php(98): Illuminate\\Log\\LogManager->get()
#4 /var/www/freelance-gomed-laravel6-php7.2/vendor/laravel/framework/src/Illuminate/Log/LogManager.php(543): Illuminate\\Log\\LogManager->driver()
#5 /var/www/freelance-gomed-laravel6-php7.2/vendor/laravel/framework/src/Illuminate/Foundation/Exceptions/Handler.php(124): Illuminate\\Log\\LogManager->error()
#6 /var/www/freelance-gomed-laravel6-php7.2/app/Exceptions/Handler.php(49): Illuminate\\Foundation\\Exceptions\\Handler->report()
#7 /var/www/freelance-gomed-laravel6-php7.2/vendor/laravel/framework/src/Illuminate/Foundation/Bootstrap/HandleExceptions.php(92): App\\Exceptions\\Handler->report()
#8 /var/www/freelance-gomed-laravel6-php7.2/vendor/laravel/framework/src/Illuminate/Foundation/Bootstrap/HandleExceptions.php(134): Illuminate\\Foundation\\Bootstrap\\HandleExceptions->handleException()
#9 [internal function]: Illuminate\\Foundation\\Bootstrap\\HandleExceptions->handleShutdown()
#10 {main}
"} 
[2022-08-29 17:55:43] laravel.ERROR: During inheritance of ArrayAccess: Uncaught ErrorException: Return type of Illuminate\Support\Collection::offsetExists($key) should either be compatible with ArrayAccess::offsetExists(mixed $offset): bool, or the #[\ReturnTypeWillChange] attribute should be used to temporarily suppress the notice in /var/www/freelance-gomed-laravel6-php7.2/vendor/laravel/framework/src/Illuminate/Support/Collection.php:1277
Stack trace:
#0 /var/www/freelance-gomed-laravel6-php7.2/vendor/laravel/framework/src/Illuminate/Support/Collection.php(11): Illuminate\Foundation\Bootstrap\HandleExceptions->handleError()
#1 /var/www/freelance-gomed-laravel6-php7.2/vendor/composer/ClassLoader.php(571): include('...')
#2 /var/www/freelance-gomed-laravel6-php7.2/vendor/composer/ClassLoader.php(428): Composer\Autoload\includeFile()
#3 /var/www/freelance-gomed-laravel6-php7.2/vendor/laravel/framework/src/Illuminate/Support/helpers.php(109): Composer\Autoload\ClassLoader->loadClass()
#4 /var/www/freelance-gomed-laravel6-php7.2/vendor/laravel/framework/src/Illuminate/Foundation/PackageManifest.php(89): collect()
#5 /var/www/freelance-gomed-laravel6-php7.2/vendor/laravel/framework/src/Illuminate/Foundation/PackageManifest.php(78): Illuminate\Foundation\PackageManifest->config()
#6 /var/www/freelance-gomed-laravel6-php7.2/vendor/laravel/framework/src/Illuminate/Foundation/Bootstrap/RegisterFacades.php(26): Illuminate\Foundation\PackageManifest->aliases()
#7 /var/www/freelance-gomed-laravel6-php7.2/vendor/laravel/framework/src/Illuminate/Foundation/Application.php(219): Illuminate\Foundation\Bootstrap\RegisterFacades->bootstrap()
#8 /var/www/freelance-gomed-laravel6-php7.2/vendor/laravel/framework/src/Illuminate/Foundation/Console/Kernel.php(320): Illuminate\Foundation\Application->bootstrapWith()
#9 /var/www/freelance-gomed-laravel6-php7.2/vendor/laravel/framework/src/Illuminate/Foundation/Console/Kernel.php(129): Illuminate\Foundation\Console\Kernel->bootstrap()
#10 /var/www/freelance-gomed-laravel6-php7.2/artisan(37): Illuminate\Foundation\Console\Kernel->handle()
#11 {main} {"exception":"[object] (Symfony\\Component\\Debug\\Exception\\FatalErrorException(code: 1): During inheritance of ArrayAccess: Uncaught ErrorException: Return type of Illuminate\\Support\\Collection::offsetExists($key) should either be compatible with ArrayAccess::offsetExists(mixed $offset): bool, or the #[\\ReturnTypeWillChange] attribute should be used to temporarily suppress the notice in /var/www/freelance-gomed-laravel6-php7.2/vendor/laravel/framework/src/Illuminate/Support/Collection.php:1277
Stack trace:
#0 /var/www/freelance-gomed-laravel6-php7.2/vendor/laravel/framework/src/Illuminate/Support/Collection.php(11): Illuminate\\Foundation\\Bootstrap\\HandleExceptions->handleError()
#1 /var/www/freelance-gomed-laravel6-php7.2/vendor/composer/ClassLoader.php(571): include('...')
#2 /var/www/freelance-gomed-laravel6-php7.2/vendor/composer/ClassLoader.php(428): Composer\\Autoload\\includeFile()
#3 /var/www/freelance-gomed-laravel6-php7.2/vendor/laravel/framework/src/Illuminate/Support/helpers.php(109): Composer\\Autoload\\ClassLoader->loadClass()
#4 /var/www/freelance-gomed-laravel6-php7.2/vendor/laravel/framework/src/Illuminate/Foundation/PackageManifest.php(89): collect()
#5 /var/www/freelance-gomed-laravel6-php7.2/vendor/laravel/framework/src/Illuminate/Foundation/PackageManifest.php(78): Illuminate\\Foundation\\PackageManifest->config()
#6 /var/www/freelance-gomed-laravel6-php7.2/vendor/laravel/framework/src/Illuminate/Foundation/Bootstrap/RegisterFacades.php(26): Illuminate\\Foundation\\PackageManifest->aliases()
#7 /var/www/freelance-gomed-laravel6-php7.2/vendor/laravel/framework/src/Illuminate/Foundation/Application.php(219): Illuminate\\Foundation\\Bootstrap\\RegisterFacades->bootstrap()
#8 /var/www/freelance-gomed-laravel6-php7.2/vendor/laravel/framework/src/Illuminate/Foundation/Console/Kernel.php(320): Illuminate\\Foundation\\Application->bootstrapWith()
#9 /var/www/freelance-gomed-laravel6-php7.2/vendor/laravel/framework/src/Illuminate/Foundation/Console/Kernel.php(129): Illuminate\\Foundation\\Console\\Kernel->bootstrap()
#10 /var/www/freelance-gomed-laravel6-php7.2/artisan(37): Illuminate\\Foundation\\Console\\Kernel->handle()
#11 {main} at /var/www/freelance-gomed-laravel6-php7.2/vendor/laravel/framework/src/Illuminate/Support/Collection.php:11)
[stacktrace]
#0 {main}
"} 
