[2022-02-04 05:41:03] local.ERROR: SQLSTATE[42S22]: Column not found: 1054 Unknown column '0' in 'where clause' (SQL: select * from `sub_category` where (`0` = cate_id and `1` = 9 and `status` = 1)) {"userId":10,"exception":"[object] (Illuminate\\Database\\QueryException(code: 42S22): SQLSTATE[42S22]: Column not found: 1054 Unknown column '0' in 'where clause' (SQL: select * from `sub_category` where (`0` = cate_id and `1` = 9 and `status` = 1)) at /Users/rahuljograna/Documents/store/Sayna/grocery_ultimate/api/vendor/laravel/framework/src/Illuminate/Database/Connection.php:669)
[stacktrace]
#0 /Users/rahuljograna/Documents/store/Sayna/grocery_ultimate/api/vendor/laravel/framework/src/Illuminate/Database/Connection.php(629): Illuminate\\Database\\Connection->runQueryCallback('select * from `...', Array, Object(Closure))
#1 /Users/rahuljograna/Documents/store/Sayna/grocery_ultimate/api/vendor/laravel/framework/src/Illuminate/Database/Connection.php(338): Illuminate\\Database\\Connection->run('select * from `...', Array, Object(Closure))
#2 /Users/rahuljograna/Documents/store/Sayna/grocery_ultimate/api/vendor/laravel/framework/src/Illuminate/Database/Query/Builder.php(2149): Illuminate\\Database\\Connection->select('select * from `...', Array, true)
#3 /Users/rahuljograna/Documents/store/Sayna/grocery_ultimate/api/vendor/laravel/framework/src/Illuminate/Database/Query/Builder.php(2137): Illuminate\\Database\\Query\\Builder->runSelect()
#4 /Users/rahuljograna/Documents/store/Sayna/grocery_ultimate/api/vendor/laravel/framework/src/Illuminate/Database/Query/Builder.php(2609): Illuminate\\Database\\Query\\Builder->Illuminate\\Database\\Query\\{closure}()
#5 /Users/rahuljograna/Documents/store/Sayna/grocery_ultimate/api/vendor/laravel/framework/src/Illuminate/Database/Query/Builder.php(2138): Illuminate\\Database\\Query\\Builder->onceWithColumns(Array, Object(Closure))
#6 /Users/rahuljograna/Documents/store/Sayna/grocery_ultimate/api/vendor/laravel/framework/src/Illuminate/Database/Eloquent/Builder.php(537): Illuminate\\Database\\Query\\Builder->get(Array)
#7 /Users/rahuljograna/Documents/store/Sayna/grocery_ultimate/api/vendor/laravel/framework/src/Illuminate/Database/Eloquent/Builder.php(521): Illuminate\\Database\\Eloquent\\Builder->getModels(Array)
#8 /Users/rahuljograna/Documents/store/Sayna/grocery_ultimate/api/app/Http/Controllers/v1/SubCategoryController.php(57): Illuminate\\Database\\Eloquent\\Builder->get()
#9 [internal function]: App\\Http\\Controllers\\v1\\SubCategoryController->getByCId(Object(Illuminate\\Http\\Request))
#10 /Users/rahuljograna/Documents/store/Sayna/grocery_ultimate/api/vendor/laravel/framework/src/Illuminate/Routing/Controller.php(54): call_user_func_array(Array, Array)
#11 /Users/rahuljograna/Documents/store/Sayna/grocery_ultimate/api/vendor/laravel/framework/src/Illuminate/Routing/ControllerDispatcher.php(45): Illuminate\\Routing\\Controller->callAction('getByCId', Array)
#12 /Users/rahuljograna/Documents/store/Sayna/grocery_ultimate/api/vendor/laravel/framework/src/Illuminate/Routing/Route.php(219): Illuminate\\Routing\\ControllerDispatcher->dispatch(Object(Illuminate\\Routing\\Route), Object(App\\Http\\Controllers\\v1\\SubCategoryController), 'getByCId')
#13 /Users/rahuljograna/Documents/store/Sayna/grocery_ultimate/api/vendor/laravel/framework/src/Illuminate/Routing/Route.php(176): Illuminate\\Routing\\Route->runController()
#14 /Users/rahuljograna/Documents/store/Sayna/grocery_ultimate/api/vendor/laravel/framework/src/Illuminate/Routing/Router.php(681): Illuminate\\Routing\\Route->run()
#15 /Users/rahuljograna/Documents/store/Sayna/grocery_ultimate/api/vendor/laravel/framework/src/Illuminate/Pipeline/Pipeline.php(130): Illuminate\\Routing\\Router->Illuminate\\Routing\\{closure}(Object(Illuminate\\Http\\Request))
#16 /Users/rahuljograna/Documents/store/Sayna/grocery_ultimate/api/vendor/tymon/jwt-auth/src/Http/Middleware/Authenticate.php(32): Illuminate\\Pipeline\\Pipeline->Illuminate\\Pipeline\\{closure}(Object(Illuminate\\Http\\Request))
#17 /Users/rahuljograna/Documents/store/Sayna/grocery_ultimate/api/vendor/laravel/framework/src/Illuminate/Pipeline/Pipeline.php(171): Tymon\\JWTAuth\\Http\\Middleware\\Authenticate->handle(Object(Illuminate\\Http\\Request), Object(Closure))
#18 /Users/rahuljograna/Documents/store/Sayna/grocery_ultimate/api/app/Http/Middleware/StoreMiddleware.php(45): Illuminate\\Pipeline\\Pipeline->Illuminate\\Pipeline\\{closure}(Object(Illuminate\\Http\\Request))
#19 /Users/rahuljograna/Documents/store/Sayna/grocery_ultimate/api/vendor/laravel/framework/src/Illuminate/Pipeline/Pipeline.php(171): App\\Http\\Middleware\\StoreMiddleware->handle(Object(Illuminate\\Http\\Request), Object(Closure))
#20 /Users/rahuljograna/Documents/store/Sayna/grocery_ultimate/api/vendor/laravel/framework/src/Illuminate/Routing/Middleware/SubstituteBindings.php(41): Illuminate\\Pipeline\\Pipeline->Illuminate\\Pipeline\\{closure}(Object(Illuminate\\Http\\Request))
#21 /Users/rahuljograna/Documents/store/Sayna/grocery_ultimate/api/vendor/laravel/framework/src/Illuminate/Pipeline/Pipeline.php(171): Illuminate\\Routing\\Middleware\\SubstituteBindings->handle(Object(Illuminate\\Http\\Request), Object(Closure))
#22 /Users/rahuljograna/Documents/store/Sayna/grocery_ultimate/api/vendor/laravel/framework/src/Illuminate/Routing/Middleware/ThrottleRequests.php(59): Illuminate\\Pipeline\\Pipeline->Illuminate\\Pipeline\\{closure}(Object(Illuminate\\Http\\Request))
#23 /Users/rahuljograna/Documents/store/Sayna/grocery_ultimate/api/vendor/laravel/framework/src/Illuminate/Pipeline/Pipeline.php(171): Illuminate\\Routing\\Middleware\\ThrottleRequests->handle(Object(Illuminate\\Http\\Request), Object(Closure), 60, '1')
#24 /Users/rahuljograna/Documents/store/Sayna/grocery_ultimate/api/vendor/laravel/framework/src/Illuminate/Pipeline/Pipeline.php(105): Illuminate\\Pipeline\\Pipeline->Illuminate\\Pipeline\\{closure}(Object(Illuminate\\Http\\Request))
#25 /Users/rahuljograna/Documents/store/Sayna/grocery_ultimate/api/vendor/laravel/framework/src/Illuminate/Routing/Router.php(683): Illuminate\\Pipeline\\Pipeline->then(Object(Closure))
#26 /Users/rahuljograna/Documents/store/Sayna/grocery_ultimate/api/vendor/laravel/framework/src/Illuminate/Routing/Router.php(658): Illuminate\\Routing\\Router->runRouteWithinStack(Object(Illuminate\\Routing\\Route), Object(Illuminate\\Http\\Request))
#27 /Users/rahuljograna/Documents/store/Sayna/grocery_ultimate/api/vendor/laravel/framework/src/Illuminate/Routing/Router.php(624): Illuminate\\Routing\\Router->runRoute(Object(Illuminate\\Http\\Request), Object(Illuminate\\Routing\\Route))
#28 /Users/rahuljograna/Documents/store/Sayna/grocery_ultimate/api/vendor/laravel/framework/src/Illuminate/Routing/Router.php(613): Illuminate\\Routing\\Router->dispatchToRoute(Object(Illuminate\\Http\\Request))
#29 /Users/rahuljograna/Documents/store/Sayna/grocery_ultimate/api/vendor/laravel/framework/src/Illuminate/Foundation/Http/Kernel.php(170): Illuminate\\Routing\\Router->dispatch(Object(Illuminate\\Http\\Request))
#30 /Users/rahuljograna/Documents/store/Sayna/grocery_ultimate/api/vendor/laravel/framework/src/Illuminate/Pipeline/Pipeline.php(130): Illuminate\\Foundation\\Http\\Kernel->Illuminate\\Foundation\\Http\\{closure}(Object(Illuminate\\Http\\Request))
#31 /Users/rahuljograna/Documents/store/Sayna/grocery_ultimate/api/app/Http/Middleware/AddToLog.php(19): Illuminate\\Pipeline\\Pipeline->Illuminate\\Pipeline\\{closure}(Object(Illuminate\\Http\\Request))
#32 /Users/rahuljograna/Documents/store/Sayna/grocery_ultimate/api/vendor/laravel/framework/src/Illuminate/Pipeline/Pipeline.php(171): App\\Http\\Middleware\\AddToLog->handle(Object(Illuminate\\Http\\Request), Object(Closure))
#33 /Users/rahuljograna/Documents/store/Sayna/grocery_ultimate/api/vendor/fruitcake/laravel-cors/src/HandleCors.php(50): Illuminate\\Pipeline\\Pipeline->Illuminate\\Pipeline\\{closure}(Object(Illuminate\\Http\\Request))
#34 /Users/rahuljograna/Documents/store/Sayna/grocery_ultimate/api/vendor/laravel/framework/src/Illuminate/Pipeline/Pipeline.php(171): Fruitcake\\Cors\\HandleCors->handle(Object(Illuminate\\Http\\Request), Object(Closure))
#35 /Users/rahuljograna/Documents/store/Sayna/grocery_ultimate/api/vendor/laravel/framework/src/Illuminate/Foundation/Http/Middleware/TransformsRequest.php(21): Illuminate\\Pipeline\\Pipeline->Illuminate\\Pipeline\\{closure}(Object(Illuminate\\Http\\Request))
#36 /Users/rahuljograna/Documents/store/Sayna/grocery_ultimate/api/vendor/laravel/framework/src/Illuminate/Pipeline/Pipeline.php(171): Illuminate\\Foundation\\Http\\Middleware\\TransformsRequest->handle(Object(Illuminate\\Http\\Request), Object(Closure))
#37 /Users/rahuljograna/Documents/store/Sayna/grocery_ultimate/api/vendor/laravel/framework/src/Illuminate/Foundation/Http/Middleware/TransformsRequest.php(21): Illuminate\\Pipeline\\Pipeline->Illuminate\\Pipeline\\{closure}(Object(Illuminate\\Http\\Request))
#38 /Users/rahuljograna/Documents/store/Sayna/grocery_ultimate/api/vendor/laravel/framework/src/Illuminate/Pipeline/Pipeline.php(171): Illuminate\\Foundation\\Http\\Middleware\\TransformsRequest->handle(Object(Illuminate\\Http\\Request), Object(Closure))
#39 /Users/rahuljograna/Documents/store/Sayna/grocery_ultimate/api/vendor/laravel/framework/src/Illuminate/Foundation/Http/Middleware/ValidatePostSize.php(27): Illuminate\\Pipeline\\Pipeline->Illuminate\\Pipeline\\{closure}(Object(Illuminate\\Http\\Request))
#40 /Users/rahuljograna/Documents/store/Sayna/grocery_ultimate/api/vendor/laravel/framework/src/Illuminate/Pipeline/Pipeline.php(171): Illuminate\\Foundation\\Http\\Middleware\\ValidatePostSize->handle(Object(Illuminate\\Http\\Request), Object(Closure))
#41 /Users/rahuljograna/Documents/store/Sayna/grocery_ultimate/api/vendor/laravel/framework/src/Illuminate/Foundation/Http/Middleware/CheckForMaintenanceMode.php(63): Illuminate\\Pipeline\\Pipeline->Illuminate\\Pipeline\\{closure}(Object(Illuminate\\Http\\Request))
#42 /Users/rahuljograna/Documents/store/Sayna/grocery_ultimate/api/vendor/laravel/framework/src/Illuminate/Pipeline/Pipeline.php(171): Illuminate\\Foundation\\Http\\Middleware\\CheckForMaintenanceMode->handle(Object(Illuminate\\Http\\Request), Object(Closure))
#43 /Users/rahuljograna/Documents/store/Sayna/grocery_ultimate/api/vendor/fideloper/proxy/src/TrustProxies.php(57): Illuminate\\Pipeline\\Pipeline->Illuminate\\Pipeline\\{closure}(Object(Illuminate\\Http\\Request))
#44 /Users/rahuljograna/Documents/store/Sayna/grocery_ultimate/api/vendor/laravel/framework/src/Illuminate/Pipeline/Pipeline.php(171): Fideloper\\Proxy\\TrustProxies->handle(Object(Illuminate\\Http\\Request), Object(Closure))
#45 /Users/rahuljograna/Documents/store/Sayna/grocery_ultimate/api/vendor/laravel/framework/src/Illuminate/Pipeline/Pipeline.php(105): Illuminate\\Pipeline\\Pipeline->Illuminate\\Pipeline\\{closure}(Object(Illuminate\\Http\\Request))
#46 /Users/rahuljograna/Documents/store/Sayna/grocery_ultimate/api/vendor/laravel/framework/src/Illuminate/Foundation/Http/Kernel.php(145): Illuminate\\Pipeline\\Pipeline->then(Object(Closure))
#47 /Users/rahuljograna/Documents/store/Sayna/grocery_ultimate/api/vendor/laravel/framework/src/Illuminate/Foundation/Http/Kernel.php(110): Illuminate\\Foundation\\Http\\Kernel->sendRequestThroughRouter(Object(Illuminate\\Http\\Request))
#48 /Users/rahuljograna/Documents/store/Sayna/grocery_ultimate/api/public/index.php(55): Illuminate\\Foundation\\Http\\Kernel->handle(Object(Illuminate\\Http\\Request))
#49 /Users/rahuljograna/Documents/store/Sayna/grocery_ultimate/api/server.php(28): require_once('/Users/rahuljog...')
#50 {main}

[previous exception] [object] (PDOException(code: 42S22): SQLSTATE[42S22]: Column not found: 1054 Unknown column '0' in 'where clause' at /Users/rahuljograna/Documents/store/Sayna/grocery_ultimate/api/vendor/laravel/framework/src/Illuminate/Database/Connection.php:331)
[stacktrace]
#0 /Users/rahuljograna/Documents/store/Sayna/grocery_ultimate/api/vendor/laravel/framework/src/Illuminate/Database/Connection.php(331): PDO->prepare('select * from `...')
#1 /Users/rahuljograna/Documents/store/Sayna/grocery_ultimate/api/vendor/laravel/framework/src/Illuminate/Database/Connection.php(662): Illuminate\\Database\\Connection->Illuminate\\Database\\{closure}('select * from `...', Array)
#2 /Users/rahuljograna/Documents/store/Sayna/grocery_ultimate/api/vendor/laravel/framework/src/Illuminate/Database/Connection.php(629): Illuminate\\Database\\Connection->runQueryCallback('select * from `...', Array, Object(Closure))
#3 /Users/rahuljograna/Documents/store/Sayna/grocery_ultimate/api/vendor/laravel/framework/src/Illuminate/Database/Connection.php(338): Illuminate\\Database\\Connection->run('select * from `...', Array, Object(Closure))
#4 /Users/rahuljograna/Documents/store/Sayna/grocery_ultimate/api/vendor/laravel/framework/src/Illuminate/Database/Query/Builder.php(2149): Illuminate\\Database\\Connection->select('select * from `...', Array, true)
#5 /Users/rahuljograna/Documents/store/Sayna/grocery_ultimate/api/vendor/laravel/framework/src/Illuminate/Database/Query/Builder.php(2137): Illuminate\\Database\\Query\\Builder->runSelect()
#6 /Users/rahuljograna/Documents/store/Sayna/grocery_ultimate/api/vendor/laravel/framework/src/Illuminate/Database/Query/Builder.php(2609): Illuminate\\Database\\Query\\Builder->Illuminate\\Database\\Query\\{closure}()
#7 /Users/rahuljograna/Documents/store/Sayna/grocery_ultimate/api/vendor/laravel/framework/src/Illuminate/Database/Query/Builder.php(2138): Illuminate\\Database\\Query\\Builder->onceWithColumns(Array, Object(Closure))
#8 /Users/rahuljograna/Documents/store/Sayna/grocery_ultimate/api/vendor/laravel/framework/src/Illuminate/Database/Eloquent/Builder.php(537): Illuminate\\Database\\Query\\Builder->get(Array)
#9 /Users/rahuljograna/Documents/store/Sayna/grocery_ultimate/api/vendor/laravel/framework/src/Illuminate/Database/Eloquent/Builder.php(521): Illuminate\\Database\\Eloquent\\Builder->getModels(Array)
#10 /Users/rahuljograna/Documents/store/Sayna/grocery_ultimate/api/app/Http/Controllers/v1/SubCategoryController.php(57): Illuminate\\Database\\Eloquent\\Builder->get()
#11 [internal function]: App\\Http\\Controllers\\v1\\SubCategoryController->getByCId(Object(Illuminate\\Http\\Request))
#12 /Users/rahuljograna/Documents/store/Sayna/grocery_ultimate/api/vendor/laravel/framework/src/Illuminate/Routing/Controller.php(54): call_user_func_array(Array, Array)
#13 /Users/rahuljograna/Documents/store/Sayna/grocery_ultimate/api/vendor/laravel/framework/src/Illuminate/Routing/ControllerDispatcher.php(45): Illuminate\\Routing\\Controller->callAction('getByCId', Array)
#14 /Users/rahuljograna/Documents/store/Sayna/grocery_ultimate/api/vendor/laravel/framework/src/Illuminate/Routing/Route.php(219): Illuminate\\Routing\\ControllerDispatcher->dispatch(Object(Illuminate\\Routing\\Route), Object(App\\Http\\Controllers\\v1\\SubCategoryController), 'getByCId')
#15 /Users/rahuljograna/Documents/store/Sayna/grocery_ultimate/api/vendor/laravel/framework/src/Illuminate/Routing/Route.php(176): Illuminate\\Routing\\Route->runController()
#16 /Users/rahuljograna/Documents/store/Sayna/grocery_ultimate/api/vendor/laravel/framework/src/Illuminate/Routing/Router.php(681): Illuminate\\Routing\\Route->run()
#17 /Users/rahuljograna/Documents/store/Sayna/grocery_ultimate/api/vendor/laravel/framework/src/Illuminate/Pipeline/Pipeline.php(130): Illuminate\\Routing\\Router->Illuminate\\Routing\\{closure}(Object(Illuminate\\Http\\Request))
#18 /Users/rahuljograna/Documents/store/Sayna/grocery_ultimate/api/vendor/tymon/jwt-auth/src/Http/Middleware/Authenticate.php(32): Illuminate\\Pipeline\\Pipeline->Illuminate\\Pipeline\\{closure}(Object(Illuminate\\Http\\Request))
#19 /Users/rahuljograna/Documents/store/Sayna/grocery_ultimate/api/vendor/laravel/framework/src/Illuminate/Pipeline/Pipeline.php(171): Tymon\\JWTAuth\\Http\\Middleware\\Authenticate->handle(Object(Illuminate\\Http\\Request), Object(Closure))
#20 /Users/rahuljograna/Documents/store/Sayna/grocery_ultimate/api/app/Http/Middleware/StoreMiddleware.php(45): Illuminate\\Pipeline\\Pipeline->Illuminate\\Pipeline\\{closure}(Object(Illuminate\\Http\\Request))
#21 /Users/rahuljograna/Documents/store/Sayna/grocery_ultimate/api/vendor/laravel/framework/src/Illuminate/Pipeline/Pipeline.php(171): App\\Http\\Middleware\\StoreMiddleware->handle(Object(Illuminate\\Http\\Request), Object(Closure))
#22 /Users/rahuljograna/Documents/store/Sayna/grocery_ultimate/api/vendor/laravel/framework/src/Illuminate/Routing/Middleware/SubstituteBindings.php(41): Illuminate\\Pipeline\\Pipeline->Illuminate\\Pipeline\\{closure}(Object(Illuminate\\Http\\Request))
#23 /Users/rahuljograna/Documents/store/Sayna/grocery_ultimate/api/vendor/laravel/framework/src/Illuminate/Pipeline/Pipeline.php(171): Illuminate\\Routing\\Middleware\\SubstituteBindings->handle(Object(Illuminate\\Http\\Request), Object(Closure))
#24 /Users/rahuljograna/Documents/store/Sayna/grocery_ultimate/api/vendor/laravel/framework/src/Illuminate/Routing/Middleware/ThrottleRequests.php(59): Illuminate\\Pipeline\\Pipeline->Illuminate\\Pipeline\\{closure}(Object(Illuminate\\Http\\Request))
#25 /Users/rahuljograna/Documents/store/Sayna/grocery_ultimate/api/vendor/laravel/framework/src/Illuminate/Pipeline/Pipeline.php(171): Illuminate\\Routing\\Middleware\\ThrottleRequests->handle(Object(Illuminate\\Http\\Request), Object(Closure), 60, '1')
#26 /Users/rahuljograna/Documents/store/Sayna/grocery_ultimate/api/vendor/laravel/framework/src/Illuminate/Pipeline/Pipeline.php(105): Illuminate\\Pipeline\\Pipeline->Illuminate\\Pipeline\\{closure}(Object(Illuminate\\Http\\Request))
#27 /Users/rahuljograna/Documents/store/Sayna/grocery_ultimate/api/vendor/laravel/framework/src/Illuminate/Routing/Router.php(683): Illuminate\\Pipeline\\Pipeline->then(Object(Closure))
#28 /Users/rahuljograna/Documents/store/Sayna/grocery_ultimate/api/vendor/laravel/framework/src/Illuminate/Routing/Router.php(658): Illuminate\\Routing\\Router->runRouteWithinStack(Object(Illuminate\\Routing\\Route), Object(Illuminate\\Http\\Request))
#29 /Users/rahuljograna/Documents/store/Sayna/grocery_ultimate/api/vendor/laravel/framework/src/Illuminate/Routing/Router.php(624): Illuminate\\Routing\\Router->runRoute(Object(Illuminate\\Http\\Request), Object(Illuminate\\Routing\\Route))
#30 /Users/rahuljograna/Documents/store/Sayna/grocery_ultimate/api/vendor/laravel/framework/src/Illuminate/Routing/Router.php(613): Illuminate\\Routing\\Router->dispatchToRoute(Object(Illuminate\\Http\\Request))
#31 /Users/rahuljograna/Documents/store/Sayna/grocery_ultimate/api/vendor/laravel/framework/src/Illuminate/Foundation/Http/Kernel.php(170): Illuminate\\Routing\\Router->dispatch(Object(Illuminate\\Http\\Request))
#32 /Users/rahuljograna/Documents/store/Sayna/grocery_ultimate/api/vendor/laravel/framework/src/Illuminate/Pipeline/Pipeline.php(130): Illuminate\\Foundation\\Http\\Kernel->Illuminate\\Foundation\\Http\\{closure}(Object(Illuminate\\Http\\Request))
#33 /Users/rahuljograna/Documents/store/Sayna/grocery_ultimate/api/app/Http/Middleware/AddToLog.php(19): Illuminate\\Pipeline\\Pipeline->Illuminate\\Pipeline\\{closure}(Object(Illuminate\\Http\\Request))
#34 /Users/rahuljograna/Documents/store/Sayna/grocery_ultimate/api/vendor/laravel/framework/src/Illuminate/Pipeline/Pipeline.php(171): App\\Http\\Middleware\\AddToLog->handle(Object(Illuminate\\Http\\Request), Object(Closure))
#35 /Users/rahuljograna/Documents/store/Sayna/grocery_ultimate/api/vendor/fruitcake/laravel-cors/src/HandleCors.php(50): Illuminate\\Pipeline\\Pipeline->Illuminate\\Pipeline\\{closure}(Object(Illuminate\\Http\\Request))
#36 /Users/rahuljograna/Documents/store/Sayna/grocery_ultimate/api/vendor/laravel/framework/src/Illuminate/Pipeline/Pipeline.php(171): Fruitcake\\Cors\\HandleCors->handle(Object(Illuminate\\Http\\Request), Object(Closure))
#37 /Users/rahuljograna/Documents/store/Sayna/grocery_ultimate/api/vendor/laravel/framework/src/Illuminate/Foundation/Http/Middleware/TransformsRequest.php(21): Illuminate\\Pipeline\\Pipeline->Illuminate\\Pipeline\\{closure}(Object(Illuminate\\Http\\Request))
#38 /Users/rahuljograna/Documents/store/Sayna/grocery_ultimate/api/vendor/laravel/framework/src/Illuminate/Pipeline/Pipeline.php(171): Illuminate\\Foundation\\Http\\Middleware\\TransformsRequest->handle(Object(Illuminate\\Http\\Request), Object(Closure))
#39 /Users/rahuljograna/Documents/store/Sayna/grocery_ultimate/api/vendor/laravel/framework/src/Illuminate/Foundation/Http/Middleware/TransformsRequest.php(21): Illuminate\\Pipeline\\Pipeline->Illuminate\\Pipeline\\{closure}(Object(Illuminate\\Http\\Request))
#40 /Users/rahuljograna/Documents/store/Sayna/grocery_ultimate/api/vendor/laravel/framework/src/Illuminate/Pipeline/Pipeline.php(171): Illuminate\\Foundation\\Http\\Middleware\\TransformsRequest->handle(Object(Illuminate\\Http\\Request), Object(Closure))
#41 /Users/rahuljograna/Documents/store/Sayna/grocery_ultimate/api/vendor/laravel/framework/src/Illuminate/Foundation/Http/Middleware/ValidatePostSize.php(27): Illuminate\\Pipeline\\Pipeline->Illuminate\\Pipeline\\{closure}(Object(Illuminate\\Http\\Request))
#42 /Users/rahuljograna/Documents/store/Sayna/grocery_ultimate/api/vendor/laravel/framework/src/Illuminate/Pipeline/Pipeline.php(171): Illuminate\\Foundation\\Http\\Middleware\\ValidatePostSize->handle(Object(Illuminate\\Http\\Request), Object(Closure))
#43 /Users/rahuljograna/Documents/store/Sayna/grocery_ultimate/api/vendor/laravel/framework/src/Illuminate/Foundation/Http/Middleware/CheckForMaintenanceMode.php(63): Illuminate\\Pipeline\\Pipeline->Illuminate\\Pipeline\\{closure}(Object(Illuminate\\Http\\Request))
#44 /Users/rahuljograna/Documents/store/Sayna/grocery_ultimate/api/vendor/laravel/framework/src/Illuminate/Pipeline/Pipeline.php(171): Illuminate\\Foundation\\Http\\Middleware\\CheckForMaintenanceMode->handle(Object(Illuminate\\Http\\Request), Object(Closure))
#45 /Users/rahuljograna/Documents/store/Sayna/grocery_ultimate/api/vendor/fideloper/proxy/src/TrustProxies.php(57): Illuminate\\Pipeline\\Pipeline->Illuminate\\Pipeline\\{closure}(Object(Illuminate\\Http\\Request))
#46 /Users/rahuljograna/Documents/store/Sayna/grocery_ultimate/api/vendor/laravel/framework/src/Illuminate/Pipeline/Pipeline.php(171): Fideloper\\Proxy\\TrustProxies->handle(Object(Illuminate\\Http\\Request), Object(Closure))
#47 /Users/rahuljograna/Documents/store/Sayna/grocery_ultimate/api/vendor/laravel/framework/src/Illuminate/Pipeline/Pipeline.php(105): Illuminate\\Pipeline\\Pipeline->Illuminate\\Pipeline\\{closure}(Object(Illuminate\\Http\\Request))
#48 /Users/rahuljograna/Documents/store/Sayna/grocery_ultimate/api/vendor/laravel/framework/src/Illuminate/Foundation/Http/Kernel.php(145): Illuminate\\Pipeline\\Pipeline->then(Object(Closure))
#49 /Users/rahuljograna/Documents/store/Sayna/grocery_ultimate/api/vendor/laravel/framework/src/Illuminate/Foundation/Http/Kernel.php(110): Illuminate\\Foundation\\Http\\Kernel->sendRequestThroughRouter(Object(Illuminate\\Http\\Request))
#50 /Users/rahuljograna/Documents/store/Sayna/grocery_ultimate/api/public/index.php(55): Illuminate\\Foundation\\Http\\Kernel->handle(Object(Illuminate\\Http\\Request))
#51 /Users/rahuljograna/Documents/store/Sayna/grocery_ultimate/api/server.php(28): require_once('/Users/rahuljog...')
#52 {main}
"} 
[2022-02-04 05:49:32] local.ERROR: SQLSTATE[HY000]: General error: 1366 Incorrect integer value: 'undefined' for column 'is_single' at row 1 (SQL: insert into `products` (`store_id`, `cover`, `name`, `images`, `original_price`, `sell_price`, `discount`, `kind`, `cate_id`, `sub_cate_id`, `have_gram`, `gram`, `have_kg`, `kg`, `have_pcs`, `pcs`, `have_liter`, `liter`, `have_ml`, `ml`, `descriptions`, `exp_date`, `type_of`, `in_stoke`, `status`, `in_offer`, `key_features`, `disclaimer`, `is_single`, `in_home`, `rating`, `total_rating`, `size`, `variations`, `updated_at`, `created_at`) values (10, b3OtmPVHLLlg9uHEmug6t4fGM2IXn4aV32o3rims.jpeg, Wah Taj, ["","","","","",""], 100, 90, 10, 1, 7, 25, 0, 0, 0, 0, 0, 0, 0, 0, 0, 0, tes, 2022-02-04, 1, 1, 1, 0, ?, ?, undefined, 0, 0, 0, 0, [], 2022-02-04 05:49:32, 2022-02-04 05:49:32)) {"userId":10,"exception":"[object] (Illuminate\\Database\\QueryException(code: HY000): SQLSTATE[HY000]: General error: 1366 Incorrect integer value: 'undefined' for column 'is_single' at row 1 (SQL: insert into `products` (`store_id`, `cover`, `name`, `images`, `original_price`, `sell_price`, `discount`, `kind`, `cate_id`, `sub_cate_id`, `have_gram`, `gram`, `have_kg`, `kg`, `have_pcs`, `pcs`, `have_liter`, `liter`, `have_ml`, `ml`, `descriptions`, `exp_date`, `type_of`, `in_stoke`, `status`, `in_offer`, `key_features`, `disclaimer`, `is_single`, `in_home`, `rating`, `total_rating`, `size`, `variations`, `updated_at`, `created_at`) values (10, b3OtmPVHLLlg9uHEmug6t4fGM2IXn4aV32o3rims.jpeg, Wah Taj, [\"\",\"\",\"\",\"\",\"\",\"\"], 100, 90, 10, 1, 7, 25, 0, 0, 0, 0, 0, 0, 0, 0, 0, 0, tes, 2022-02-04, 1, 1, 1, 0, ?, ?, undefined, 0, 0, 0, 0, [], 2022-02-04 05:49:32, 2022-02-04 05:49:32)) at /Users/rahuljograna/Documents/store/Sayna/grocery_ultimate/api/vendor/laravel/framework/src/Illuminate/Database/Connection.php:669)
[stacktrace]
#0 /Users/rahuljograna/Documents/store/Sayna/grocery_ultimate/api/vendor/laravel/framework/src/Illuminate/Database/Connection.php(629): Illuminate\\Database\\Connection->runQueryCallback('insert into `pr...', Array, Object(Closure))
#1 /Users/rahuljograna/Documents/store/Sayna/grocery_ultimate/api/vendor/laravel/framework/src/Illuminate/Database/Connection.php(464): Illuminate\\Database\\Connection->run('insert into `pr...', Array, Object(Closure))
#2 /Users/rahuljograna/Documents/store/Sayna/grocery_ultimate/api/vendor/laravel/framework/src/Illuminate/Database/Connection.php(416): Illuminate\\Database\\Connection->statement('insert into `pr...', Array)
#3 /Users/rahuljograna/Documents/store/Sayna/grocery_ultimate/api/vendor/laravel/framework/src/Illuminate/Database/Query/Processors/Processor.php(32): Illuminate\\Database\\Connection->insert('insert into `pr...', Array)
#4 /Users/rahuljograna/Documents/store/Sayna/grocery_ultimate/api/vendor/laravel/framework/src/Illuminate/Database/Query/Builder.php(2695): Illuminate\\Database\\Query\\Processors\\Processor->processInsertGetId(Object(Illuminate\\Database\\Query\\Builder), 'insert into `pr...', Array, 'id')
#5 /Users/rahuljograna/Documents/store/Sayna/grocery_ultimate/api/vendor/laravel/framework/src/Illuminate/Database/Eloquent/Builder.php(1366): Illuminate\\Database\\Query\\Builder->insertGetId(Array, 'id')
#6 /Users/rahuljograna/Documents/store/Sayna/grocery_ultimate/api/vendor/laravel/framework/src/Illuminate/Database/Eloquent/Model.php(840): Illuminate\\Database\\Eloquent\\Builder->__call('insertGetId', Array)
#7 /Users/rahuljograna/Documents/store/Sayna/grocery_ultimate/api/vendor/laravel/framework/src/Illuminate/Database/Eloquent/Model.php(805): Illuminate\\Database\\Eloquent\\Model->insertAndSetId(Object(Illuminate\\Database\\Eloquent\\Builder), Array)
#8 /Users/rahuljograna/Documents/store/Sayna/grocery_ultimate/api/vendor/laravel/framework/src/Illuminate/Database/Eloquent/Model.php(668): Illuminate\\Database\\Eloquent\\Model->performInsert(Object(Illuminate\\Database\\Eloquent\\Builder))
#9 /Users/rahuljograna/Documents/store/Sayna/grocery_ultimate/api/vendor/laravel/framework/src/Illuminate/Database/Eloquent/Builder.php(765): Illuminate\\Database\\Eloquent\\Model->save()
#10 /Users/rahuljograna/Documents/store/Sayna/grocery_ultimate/api/vendor/laravel/framework/src/Illuminate/Support/helpers.php(422): Illuminate\\Database\\Eloquent\\Builder->Illuminate\\Database\\Eloquent\\{closure}(Object(App\\Models\\Products))
#11 /Users/rahuljograna/Documents/store/Sayna/grocery_ultimate/api/vendor/laravel/framework/src/Illuminate/Database/Eloquent/Builder.php(766): tap(Object(App\\Models\\Products), Object(Closure))
#12 /Users/rahuljograna/Documents/store/Sayna/grocery_ultimate/api/vendor/laravel/framework/src/Illuminate/Support/Traits/ForwardsCalls.php(23): Illuminate\\Database\\Eloquent\\Builder->create(Array)
#13 /Users/rahuljograna/Documents/store/Sayna/grocery_ultimate/api/vendor/laravel/framework/src/Illuminate/Database/Eloquent/Model.php(1622): Illuminate\\Database\\Eloquent\\Model->forwardCallTo(Object(Illuminate\\Database\\Eloquent\\Builder), 'create', Array)
#14 /Users/rahuljograna/Documents/store/Sayna/grocery_ultimate/api/vendor/laravel/framework/src/Illuminate/Database/Eloquent/Model.php(1634): Illuminate\\Database\\Eloquent\\Model->__call('create', Array)
#15 /Users/rahuljograna/Documents/store/Sayna/grocery_ultimate/api/app/Http/Controllers/v1/ProductsController.php(59): Illuminate\\Database\\Eloquent\\Model::__callStatic('create', Array)
#16 [internal function]: App\\Http\\Controllers\\v1\\ProductsController->save(Object(Illuminate\\Http\\Request))
#17 /Users/rahuljograna/Documents/store/Sayna/grocery_ultimate/api/vendor/laravel/framework/src/Illuminate/Routing/Controller.php(54): call_user_func_array(Array, Array)
#18 /Users/rahuljograna/Documents/store/Sayna/grocery_ultimate/api/vendor/laravel/framework/src/Illuminate/Routing/ControllerDispatcher.php(45): Illuminate\\Routing\\Controller->callAction('save', Array)
#19 /Users/rahuljograna/Documents/store/Sayna/grocery_ultimate/api/vendor/laravel/framework/src/Illuminate/Routing/Route.php(219): Illuminate\\Routing\\ControllerDispatcher->dispatch(Object(Illuminate\\Routing\\Route), Object(App\\Http\\Controllers\\v1\\ProductsController), 'save')
#20 /Users/rahuljograna/Documents/store/Sayna/grocery_ultimate/api/vendor/laravel/framework/src/Illuminate/Routing/Route.php(176): Illuminate\\Routing\\Route->runController()
#21 /Users/rahuljograna/Documents/store/Sayna/grocery_ultimate/api/vendor/laravel/framework/src/Illuminate/Routing/Router.php(681): Illuminate\\Routing\\Route->run()
#22 /Users/rahuljograna/Documents/store/Sayna/grocery_ultimate/api/vendor/laravel/framework/src/Illuminate/Pipeline/Pipeline.php(130): Illuminate\\Routing\\Router->Illuminate\\Routing\\{closure}(Object(Illuminate\\Http\\Request))
#23 /Users/rahuljograna/Documents/store/Sayna/grocery_ultimate/api/vendor/tymon/jwt-auth/src/Http/Middleware/Authenticate.php(32): Illuminate\\Pipeline\\Pipeline->Illuminate\\Pipeline\\{closure}(Object(Illuminate\\Http\\Request))
#24 /Users/rahuljograna/Documents/store/Sayna/grocery_ultimate/api/vendor/laravel/framework/src/Illuminate/Pipeline/Pipeline.php(171): Tymon\\JWTAuth\\Http\\Middleware\\Authenticate->handle(Object(Illuminate\\Http\\Request), Object(Closure))
#25 /Users/rahuljograna/Documents/store/Sayna/grocery_ultimate/api/app/Http/Middleware/StoreMiddleware.php(45): Illuminate\\Pipeline\\Pipeline->Illuminate\\Pipeline\\{closure}(Object(Illuminate\\Http\\Request))
#26 /Users/rahuljograna/Documents/store/Sayna/grocery_ultimate/api/vendor/laravel/framework/src/Illuminate/Pipeline/Pipeline.php(171): App\\Http\\Middleware\\StoreMiddleware->handle(Object(Illuminate\\Http\\Request), Object(Closure))
#27 /Users/rahuljograna/Documents/store/Sayna/grocery_ultimate/api/vendor/laravel/framework/src/Illuminate/Routing/Middleware/SubstituteBindings.php(41): Illuminate\\Pipeline\\Pipeline->Illuminate\\Pipeline\\{closure}(Object(Illuminate\\Http\\Request))
#28 /Users/rahuljograna/Documents/store/Sayna/grocery_ultimate/api/vendor/laravel/framework/src/Illuminate/Pipeline/Pipeline.php(171): Illuminate\\Routing\\Middleware\\SubstituteBindings->handle(Object(Illuminate\\Http\\Request), Object(Closure))
#29 /Users/rahuljograna/Documents/store/Sayna/grocery_ultimate/api/vendor/laravel/framework/src/Illuminate/Routing/Middleware/ThrottleRequests.php(59): Illuminate\\Pipeline\\Pipeline->Illuminate\\Pipeline\\{closure}(Object(Illuminate\\Http\\Request))
#30 /Users/rahuljograna/Documents/store/Sayna/grocery_ultimate/api/vendor/laravel/framework/src/Illuminate/Pipeline/Pipeline.php(171): Illuminate\\Routing\\Middleware\\ThrottleRequests->handle(Object(Illuminate\\Http\\Request), Object(Closure), 60, '1')
#31 /Users/rahuljograna/Documents/store/Sayna/grocery_ultimate/api/vendor/laravel/framework/src/Illuminate/Pipeline/Pipeline.php(105): Illuminate\\Pipeline\\Pipeline->Illuminate\\Pipeline\\{closure}(Object(Illuminate\\Http\\Request))
#32 /Users/rahuljograna/Documents/store/Sayna/grocery_ultimate/api/vendor/laravel/framework/src/Illuminate/Routing/Router.php(683): Illuminate\\Pipeline\\Pipeline->then(Object(Closure))
#33 /Users/rahuljograna/Documents/store/Sayna/grocery_ultimate/api/vendor/laravel/framework/src/Illuminate/Routing/Router.php(658): Illuminate\\Routing\\Router->runRouteWithinStack(Object(Illuminate\\Routing\\Route), Object(Illuminate\\Http\\Request))
#34 /Users/rahuljograna/Documents/store/Sayna/grocery_ultimate/api/vendor/laravel/framework/src/Illuminate/Routing/Router.php(624): Illuminate\\Routing\\Router->runRoute(Object(Illuminate\\Http\\Request), Object(Illuminate\\Routing\\Route))
#35 /Users/rahuljograna/Documents/store/Sayna/grocery_ultimate/api/vendor/laravel/framework/src/Illuminate/Routing/Router.php(613): Illuminate\\Routing\\Router->dispatchToRoute(Object(Illuminate\\Http\\Request))
#36 /Users/rahuljograna/Documents/store/Sayna/grocery_ultimate/api/vendor/laravel/framework/src/Illuminate/Foundation/Http/Kernel.php(170): Illuminate\\Routing\\Router->dispatch(Object(Illuminate\\Http\\Request))
#37 /Users/rahuljograna/Documents/store/Sayna/grocery_ultimate/api/vendor/laravel/framework/src/Illuminate/Pipeline/Pipeline.php(130): Illuminate\\Foundation\\Http\\Kernel->Illuminate\\Foundation\\Http\\{closure}(Object(Illuminate\\Http\\Request))
#38 /Users/rahuljograna/Documents/store/Sayna/grocery_ultimate/api/app/Http/Middleware/AddToLog.php(19): Illuminate\\Pipeline\\Pipeline->Illuminate\\Pipeline\\{closure}(Object(Illuminate\\Http\\Request))
#39 /Users/rahuljograna/Documents/store/Sayna/grocery_ultimate/api/vendor/laravel/framework/src/Illuminate/Pipeline/Pipeline.php(171): App\\Http\\Middleware\\AddToLog->handle(Object(Illuminate\\Http\\Request), Object(Closure))
#40 /Users/rahuljograna/Documents/store/Sayna/grocery_ultimate/api/vendor/fruitcake/laravel-cors/src/HandleCors.php(50): Illuminate\\Pipeline\\Pipeline->Illuminate\\Pipeline\\{closure}(Object(Illuminate\\Http\\Request))
#41 /Users/rahuljograna/Documents/store/Sayna/grocery_ultimate/api/vendor/laravel/framework/src/Illuminate/Pipeline/Pipeline.php(171): Fruitcake\\Cors\\HandleCors->handle(Object(Illuminate\\Http\\Request), Object(Closure))
#42 /Users/rahuljograna/Documents/store/Sayna/grocery_ultimate/api/vendor/laravel/framework/src/Illuminate/Foundation/Http/Middleware/TransformsRequest.php(21): Illuminate\\Pipeline\\Pipeline->Illuminate\\Pipeline\\{closure}(Object(Illuminate\\Http\\Request))
#43 /Users/rahuljograna/Documents/store/Sayna/grocery_ultimate/api/vendor/laravel/framework/src/Illuminate/Pipeline/Pipeline.php(171): Illuminate\\Foundation\\Http\\Middleware\\TransformsRequest->handle(Object(Illuminate\\Http\\Request), Object(Closure))
#44 /Users/rahuljograna/Documents/store/Sayna/grocery_ultimate/api/vendor/laravel/framework/src/Illuminate/Foundation/Http/Middleware/TransformsRequest.php(21): Illuminate\\Pipeline\\Pipeline->Illuminate\\Pipeline\\{closure}(Object(Illuminate\\Http\\Request))
#45 /Users/rahuljograna/Documents/store/Sayna/grocery_ultimate/api/vendor/laravel/framework/src/Illuminate/Pipeline/Pipeline.php(171): Illuminate\\Foundation\\Http\\Middleware\\TransformsRequest->handle(Object(Illuminate\\Http\\Request), Object(Closure))
#46 /Users/rahuljograna/Documents/store/Sayna/grocery_ultimate/api/vendor/laravel/framework/src/Illuminate/Foundation/Http/Middleware/ValidatePostSize.php(27): Illuminate\\Pipeline\\Pipeline->Illuminate\\Pipeline\\{closure}(Object(Illuminate\\Http\\Request))
#47 /Users/rahuljograna/Documents/store/Sayna/grocery_ultimate/api/vendor/laravel/framework/src/Illuminate/Pipeline/Pipeline.php(171): Illuminate\\Foundation\\Http\\Middleware\\ValidatePostSize->handle(Object(Illuminate\\Http\\Request), Object(Closure))
#48 /Users/rahuljograna/Documents/store/Sayna/grocery_ultimate/api/vendor/laravel/framework/src/Illuminate/Foundation/Http/Middleware/CheckForMaintenanceMode.php(63): Illuminate\\Pipeline\\Pipeline->Illuminate\\Pipeline\\{closure}(Object(Illuminate\\Http\\Request))
#49 /Users/rahuljograna/Documents/store/Sayna/grocery_ultimate/api/vendor/laravel/framework/src/Illuminate/Pipeline/Pipeline.php(171): Illuminate\\Foundation\\Http\\Middleware\\CheckForMaintenanceMode->handle(Object(Illuminate\\Http\\Request), Object(Closure))
#50 /Users/rahuljograna/Documents/store/Sayna/grocery_ultimate/api/vendor/fideloper/proxy/src/TrustProxies.php(57): Illuminate\\Pipeline\\Pipeline->Illuminate\\Pipeline\\{closure}(Object(Illuminate\\Http\\Request))
#51 /Users/rahuljograna/Documents/store/Sayna/grocery_ultimate/api/vendor/laravel/framework/src/Illuminate/Pipeline/Pipeline.php(171): Fideloper\\Proxy\\TrustProxies->handle(Object(Illuminate\\Http\\Request), Object(Closure))
#52 /Users/rahuljograna/Documents/store/Sayna/grocery_ultimate/api/vendor/laravel/framework/src/Illuminate/Pipeline/Pipeline.php(105): Illuminate\\Pipeline\\Pipeline->Illuminate\\Pipeline\\{closure}(Object(Illuminate\\Http\\Request))
#53 /Users/rahuljograna/Documents/store/Sayna/grocery_ultimate/api/vendor/laravel/framework/src/Illuminate/Foundation/Http/Kernel.php(145): Illuminate\\Pipeline\\Pipeline->then(Object(Closure))
#54 /Users/rahuljograna/Documents/store/Sayna/grocery_ultimate/api/vendor/laravel/framework/src/Illuminate/Foundation/Http/Kernel.php(110): Illuminate\\Foundation\\Http\\Kernel->sendRequestThroughRouter(Object(Illuminate\\Http\\Request))
#55 /Users/rahuljograna/Documents/store/Sayna/grocery_ultimate/api/public/index.php(55): Illuminate\\Foundation\\Http\\Kernel->handle(Object(Illuminate\\Http\\Request))
#56 /Users/rahuljograna/Documents/store/Sayna/grocery_ultimate/api/server.php(28): require_once('/Users/rahuljog...')
#57 {main}

[previous exception] [object] (PDOException(code: HY000): SQLSTATE[HY000]: General error: 1366 Incorrect integer value: 'undefined' for column 'is_single' at row 1 at /Users/rahuljograna/Documents/store/Sayna/grocery_ultimate/api/vendor/laravel/framework/src/Illuminate/Database/Connection.php:463)
[stacktrace]
#0 /Users/rahuljograna/Documents/store/Sayna/grocery_ultimate/api/vendor/laravel/framework/src/Illuminate/Database/Connection.php(463): PDOStatement->execute()
#1 /Users/rahuljograna/Documents/store/Sayna/grocery_ultimate/api/vendor/laravel/framework/src/Illuminate/Database/Connection.php(662): Illuminate\\Database\\Connection->Illuminate\\Database\\{closure}('insert into `pr...', Array)
#2 /Users/rahuljograna/Documents/store/Sayna/grocery_ultimate/api/vendor/laravel/framework/src/Illuminate/Database/Connection.php(629): Illuminate\\Database\\Connection->runQueryCallback('insert into `pr...', Array, Object(Closure))
#3 /Users/rahuljograna/Documents/store/Sayna/grocery_ultimate/api/vendor/laravel/framework/src/Illuminate/Database/Connection.php(464): Illuminate\\Database\\Connection->run('insert into `pr...', Array, Object(Closure))
#4 /Users/rahuljograna/Documents/store/Sayna/grocery_ultimate/api/vendor/laravel/framework/src/Illuminate/Database/Connection.php(416): Illuminate\\Database\\Connection->statement('insert into `pr...', Array)
#5 /Users/rahuljograna/Documents/store/Sayna/grocery_ultimate/api/vendor/laravel/framework/src/Illuminate/Database/Query/Processors/Processor.php(32): Illuminate\\Database\\Connection->insert('insert into `pr...', Array)
#6 /Users/rahuljograna/Documents/store/Sayna/grocery_ultimate/api/vendor/laravel/framework/src/Illuminate/Database/Query/Builder.php(2695): Illuminate\\Database\\Query\\Processors\\Processor->processInsertGetId(Object(Illuminate\\Database\\Query\\Builder), 'insert into `pr...', Array, 'id')
#7 /Users/rahuljograna/Documents/store/Sayna/grocery_ultimate/api/vendor/laravel/framework/src/Illuminate/Database/Eloquent/Builder.php(1366): Illuminate\\Database\\Query\\Builder->insertGetId(Array, 'id')
#8 /Users/rahuljograna/Documents/store/Sayna/grocery_ultimate/api/vendor/laravel/framework/src/Illuminate/Database/Eloquent/Model.php(840): Illuminate\\Database\\Eloquent\\Builder->__call('insertGetId', Array)
#9 /Users/rahuljograna/Documents/store/Sayna/grocery_ultimate/api/vendor/laravel/framework/src/Illuminate/Database/Eloquent/Model.php(805): Illuminate\\Database\\Eloquent\\Model->insertAndSetId(Object(Illuminate\\Database\\Eloquent\\Builder), Array)
#10 /Users/rahuljograna/Documents/store/Sayna/grocery_ultimate/api/vendor/laravel/framework/src/Illuminate/Database/Eloquent/Model.php(668): Illuminate\\Database\\Eloquent\\Model->performInsert(Object(Illuminate\\Database\\Eloquent\\Builder))
#11 /Users/rahuljograna/Documents/store/Sayna/grocery_ultimate/api/vendor/laravel/framework/src/Illuminate/Database/Eloquent/Builder.php(765): Illuminate\\Database\\Eloquent\\Model->save()
#12 /Users/rahuljograna/Documents/store/Sayna/grocery_ultimate/api/vendor/laravel/framework/src/Illuminate/Support/helpers.php(422): Illuminate\\Database\\Eloquent\\Builder->Illuminate\\Database\\Eloquent\\{closure}(Object(App\\Models\\Products))
#13 /Users/rahuljograna/Documents/store/Sayna/grocery_ultimate/api/vendor/laravel/framework/src/Illuminate/Database/Eloquent/Builder.php(766): tap(Object(App\\Models\\Products), Object(Closure))
#14 /Users/rahuljograna/Documents/store/Sayna/grocery_ultimate/api/vendor/laravel/framework/src/Illuminate/Support/Traits/ForwardsCalls.php(23): Illuminate\\Database\\Eloquent\\Builder->create(Array)
#15 /Users/rahuljograna/Documents/store/Sayna/grocery_ultimate/api/vendor/laravel/framework/src/Illuminate/Database/Eloquent/Model.php(1622): Illuminate\\Database\\Eloquent\\Model->forwardCallTo(Object(Illuminate\\Database\\Eloquent\\Builder), 'create', Array)
#16 /Users/rahuljograna/Documents/store/Sayna/grocery_ultimate/api/vendor/laravel/framework/src/Illuminate/Database/Eloquent/Model.php(1634): Illuminate\\Database\\Eloquent\\Model->__call('create', Array)
#17 /Users/rahuljograna/Documents/store/Sayna/grocery_ultimate/api/app/Http/Controllers/v1/ProductsController.php(59): Illuminate\\Database\\Eloquent\\Model::__callStatic('create', Array)
#18 [internal function]: App\\Http\\Controllers\\v1\\ProductsController->save(Object(Illuminate\\Http\\Request))
#19 /Users/rahuljograna/Documents/store/Sayna/grocery_ultimate/api/vendor/laravel/framework/src/Illuminate/Routing/Controller.php(54): call_user_func_array(Array, Array)
#20 /Users/rahuljograna/Documents/store/Sayna/grocery_ultimate/api/vendor/laravel/framework/src/Illuminate/Routing/ControllerDispatcher.php(45): Illuminate\\Routing\\Controller->callAction('save', Array)
#21 /Users/rahuljograna/Documents/store/Sayna/grocery_ultimate/api/vendor/laravel/framework/src/Illuminate/Routing/Route.php(219): Illuminate\\Routing\\ControllerDispatcher->dispatch(Object(Illuminate\\Routing\\Route), Object(App\\Http\\Controllers\\v1\\ProductsController), 'save')
#22 /Users/rahuljograna/Documents/store/Sayna/grocery_ultimate/api/vendor/laravel/framework/src/Illuminate/Routing/Route.php(176): Illuminate\\Routing\\Route->runController()
#23 /Users/rahuljograna/Documents/store/Sayna/grocery_ultimate/api/vendor/laravel/framework/src/Illuminate/Routing/Router.php(681): Illuminate\\Routing\\Route->run()
#24 /Users/rahuljograna/Documents/store/Sayna/grocery_ultimate/api/vendor/laravel/framework/src/Illuminate/Pipeline/Pipeline.php(130): Illuminate\\Routing\\Router->Illuminate\\Routing\\{closure}(Object(Illuminate\\Http\\Request))
#25 /Users/rahuljograna/Documents/store/Sayna/grocery_ultimate/api/vendor/tymon/jwt-auth/src/Http/Middleware/Authenticate.php(32): Illuminate\\Pipeline\\Pipeline->Illuminate\\Pipeline\\{closure}(Object(Illuminate\\Http\\Request))
#26 /Users/rahuljograna/Documents/store/Sayna/grocery_ultimate/api/vendor/laravel/framework/src/Illuminate/Pipeline/Pipeline.php(171): Tymon\\JWTAuth\\Http\\Middleware\\Authenticate->handle(Object(Illuminate\\Http\\Request), Object(Closure))
#27 /Users/rahuljograna/Documents/store/Sayna/grocery_ultimate/api/app/Http/Middleware/StoreMiddleware.php(45): Illuminate\\Pipeline\\Pipeline->Illuminate\\Pipeline\\{closure}(Object(Illuminate\\Http\\Request))
#28 /Users/rahuljograna/Documents/store/Sayna/grocery_ultimate/api/vendor/laravel/framework/src/Illuminate/Pipeline/Pipeline.php(171): App\\Http\\Middleware\\StoreMiddleware->handle(Object(Illuminate\\Http\\Request), Object(Closure))
#29 /Users/rahuljograna/Documents/store/Sayna/grocery_ultimate/api/vendor/laravel/framework/src/Illuminate/Routing/Middleware/SubstituteBindings.php(41): Illuminate\\Pipeline\\Pipeline->Illuminate\\Pipeline\\{closure}(Object(Illuminate\\Http\\Request))
#30 /Users/rahuljograna/Documents/store/Sayna/grocery_ultimate/api/vendor/laravel/framework/src/Illuminate/Pipeline/Pipeline.php(171): Illuminate\\Routing\\Middleware\\SubstituteBindings->handle(Object(Illuminate\\Http\\Request), Object(Closure))
#31 /Users/rahuljograna/Documents/store/Sayna/grocery_ultimate/api/vendor/laravel/framework/src/Illuminate/Routing/Middleware/ThrottleRequests.php(59): Illuminate\\Pipeline\\Pipeline->Illuminate\\Pipeline\\{closure}(Object(Illuminate\\Http\\Request))
#32 /Users/rahuljograna/Documents/store/Sayna/grocery_ultimate/api/vendor/laravel/framework/src/Illuminate/Pipeline/Pipeline.php(171): Illuminate\\Routing\\Middleware\\ThrottleRequests->handle(Object(Illuminate\\Http\\Request), Object(Closure), 60, '1')
#33 /Users/rahuljograna/Documents/store/Sayna/grocery_ultimate/api/vendor/laravel/framework/src/Illuminate/Pipeline/Pipeline.php(105): Illuminate\\Pipeline\\Pipeline->Illuminate\\Pipeline\\{closure}(Object(Illuminate\\Http\\Request))
#34 /Users/rahuljograna/Documents/store/Sayna/grocery_ultimate/api/vendor/laravel/framework/src/Illuminate/Routing/Router.php(683): Illuminate\\Pipeline\\Pipeline->then(Object(Closure))
#35 /Users/rahuljograna/Documents/store/Sayna/grocery_ultimate/api/vendor/laravel/framework/src/Illuminate/Routing/Router.php(658): Illuminate\\Routing\\Router->runRouteWithinStack(Object(Illuminate\\Routing\\Route), Object(Illuminate\\Http\\Request))
#36 /Users/rahuljograna/Documents/store/Sayna/grocery_ultimate/api/vendor/laravel/framework/src/Illuminate/Routing/Router.php(624): Illuminate\\Routing\\Router->runRoute(Object(Illuminate\\Http\\Request), Object(Illuminate\\Routing\\Route))
#37 /Users/rahuljograna/Documents/store/Sayna/grocery_ultimate/api/vendor/laravel/framework/src/Illuminate/Routing/Router.php(613): Illuminate\\Routing\\Router->dispatchToRoute(Object(Illuminate\\Http\\Request))
#38 /Users/rahuljograna/Documents/store/Sayna/grocery_ultimate/api/vendor/laravel/framework/src/Illuminate/Foundation/Http/Kernel.php(170): Illuminate\\Routing\\Router->dispatch(Object(Illuminate\\Http\\Request))
#39 /Users/rahuljograna/Documents/store/Sayna/grocery_ultimate/api/vendor/laravel/framework/src/Illuminate/Pipeline/Pipeline.php(130): Illuminate\\Foundation\\Http\\Kernel->Illuminate\\Foundation\\Http\\{closure}(Object(Illuminate\\Http\\Request))
#40 /Users/rahuljograna/Documents/store/Sayna/grocery_ultimate/api/app/Http/Middleware/AddToLog.php(19): Illuminate\\Pipeline\\Pipeline->Illuminate\\Pipeline\\{closure}(Object(Illuminate\\Http\\Request))
#41 /Users/rahuljograna/Documents/store/Sayna/grocery_ultimate/api/vendor/laravel/framework/src/Illuminate/Pipeline/Pipeline.php(171): App\\Http\\Middleware\\AddToLog->handle(Object(Illuminate\\Http\\Request), Object(Closure))
#42 /Users/rahuljograna/Documents/store/Sayna/grocery_ultimate/api/vendor/fruitcake/laravel-cors/src/HandleCors.php(50): Illuminate\\Pipeline\\Pipeline->Illuminate\\Pipeline\\{closure}(Object(Illuminate\\Http\\Request))
#43 /Users/rahuljograna/Documents/store/Sayna/grocery_ultimate/api/vendor/laravel/framework/src/Illuminate/Pipeline/Pipeline.php(171): Fruitcake\\Cors\\HandleCors->handle(Object(Illuminate\\Http\\Request), Object(Closure))
#44 /Users/rahuljograna/Documents/store/Sayna/grocery_ultimate/api/vendor/laravel/framework/src/Illuminate/Foundation/Http/Middleware/TransformsRequest.php(21): Illuminate\\Pipeline\\Pipeline->Illuminate\\Pipeline\\{closure}(Object(Illuminate\\Http\\Request))
#45 /Users/rahuljograna/Documents/store/Sayna/grocery_ultimate/api/vendor/laravel/framework/src/Illuminate/Pipeline/Pipeline.php(171): Illuminate\\Foundation\\Http\\Middleware\\TransformsRequest->handle(Object(Illuminate\\Http\\Request), Object(Closure))
#46 /Users/rahuljograna/Documents/store/Sayna/grocery_ultimate/api/vendor/laravel/framework/src/Illuminate/Foundation/Http/Middleware/TransformsRequest.php(21): Illuminate\\Pipeline\\Pipeline->Illuminate\\Pipeline\\{closure}(Object(Illuminate\\Http\\Request))
#47 /Users/rahuljograna/Documents/store/Sayna/grocery_ultimate/api/vendor/laravel/framework/src/Illuminate/Pipeline/Pipeline.php(171): Illuminate\\Foundation\\Http\\Middleware\\TransformsRequest->handle(Object(Illuminate\\Http\\Request), Object(Closure))
#48 /Users/rahuljograna/Documents/store/Sayna/grocery_ultimate/api/vendor/laravel/framework/src/Illuminate/Foundation/Http/Middleware/ValidatePostSize.php(27): Illuminate\\Pipeline\\Pipeline->Illuminate\\Pipeline\\{closure}(Object(Illuminate\\Http\\Request))
#49 /Users/rahuljograna/Documents/store/Sayna/grocery_ultimate/api/vendor/laravel/framework/src/Illuminate/Pipeline/Pipeline.php(171): Illuminate\\Foundation\\Http\\Middleware\\ValidatePostSize->handle(Object(Illuminate\\Http\\Request), Object(Closure))
#50 /Users/rahuljograna/Documents/store/Sayna/grocery_ultimate/api/vendor/laravel/framework/src/Illuminate/Foundation/Http/Middleware/CheckForMaintenanceMode.php(63): Illuminate\\Pipeline\\Pipeline->Illuminate\\Pipeline\\{closure}(Object(Illuminate\\Http\\Request))
#51 /Users/rahuljograna/Documents/store/Sayna/grocery_ultimate/api/vendor/laravel/framework/src/Illuminate/Pipeline/Pipeline.php(171): Illuminate\\Foundation\\Http\\Middleware\\CheckForMaintenanceMode->handle(Object(Illuminate\\Http\\Request), Object(Closure))
#52 /Users/rahuljograna/Documents/store/Sayna/grocery_ultimate/api/vendor/fideloper/proxy/src/TrustProxies.php(57): Illuminate\\Pipeline\\Pipeline->Illuminate\\Pipeline\\{closure}(Object(Illuminate\\Http\\Request))
#53 /Users/rahuljograna/Documents/store/Sayna/grocery_ultimate/api/vendor/laravel/framework/src/Illuminate/Pipeline/Pipeline.php(171): Fideloper\\Proxy\\TrustProxies->handle(Object(Illuminate\\Http\\Request), Object(Closure))
#54 /Users/rahuljograna/Documents/store/Sayna/grocery_ultimate/api/vendor/laravel/framework/src/Illuminate/Pipeline/Pipeline.php(105): Illuminate\\Pipeline\\Pipeline->Illuminate\\Pipeline\\{closure}(Object(Illuminate\\Http\\Request))
#55 /Users/rahuljograna/Documents/store/Sayna/grocery_ultimate/api/vendor/laravel/framework/src/Illuminate/Foundation/Http/Kernel.php(145): Illuminate\\Pipeline\\Pipeline->then(Object(Closure))
#56 /Users/rahuljograna/Documents/store/Sayna/grocery_ultimate/api/vendor/laravel/framework/src/Illuminate/Foundation/Http/Kernel.php(110): Illuminate\\Foundation\\Http\\Kernel->sendRequestThroughRouter(Object(Illuminate\\Http\\Request))
#57 /Users/rahuljograna/Documents/store/Sayna/grocery_ultimate/api/public/index.php(55): Illuminate\\Foundation\\Http\\Kernel->handle(Object(Illuminate\\Http\\Request))
#58 /Users/rahuljograna/Documents/store/Sayna/grocery_ultimate/api/server.php(28): require_once('/Users/rahuljog...')
#59 {main}
"} 
