[2022-04-15 10:52:21] local.ERROR: SQLSTATE[HY000]: General error: 3750 Unable to create or change a table without a primary key, when the system variable 'sql_require_primary_key' is set. Add a primary key to the table or unset this variable to avoid this message. Note that tables without a primary key can cause performance problems in row-based replication, so please consult your DBA before changing this setting. (SQL: create table `password_resets` (`email` varchar(191) not null, `token` varchar(191) not null, `created_at` timestamp null) default character set utf8mb4 collate 'utf8mb4_unicode_ci') {"exception":"[object] (Illuminate\\Database\\QueryException(code: HY000): SQLSTATE[HY000]: General error: 3750 Unable to create or change a table without a primary key, when the system variable 'sql_require_primary_key' is set. Add a primary key to the table or unset this variable to avoid this message. Note that tables without a primary key can cause performance problems in row-based replication, so please consult your DBA before changing this setting. (SQL: create table `password_resets` (`email` varchar(191) not null, `token` varchar(191) not null, `created_at` timestamp null) default character set utf8mb4 collate 'utf8mb4_unicode_ci') at /Users/mikesylvestre/Documents/LyKnowledge/Client/Sayna/Client/Gomed/App_code/API/vendor/laravel/framework/src/Illuminate/Database/Connection.php:669)
[stacktrace]
#0 /Users/mikesylvestre/Documents/LyKnowledge/Client/Sayna/Client/Gomed/App_code/API/vendor/laravel/framework/src/Illuminate/Database/Connection.php(629): Illuminate\\Database\\Connection->runQueryCallback('create table `p...', Array, Object(Closure))
#1 /Users/mikesylvestre/Documents/LyKnowledge/Client/Sayna/Client/Gomed/App_code/API/vendor/laravel/framework/src/Illuminate/Database/Connection.php(464): Illuminate\\Database\\Connection->run('create table `p...', Array, Object(Closure))
#2 /Users/mikesylvestre/Documents/LyKnowledge/Client/Sayna/Client/Gomed/App_code/API/vendor/laravel/framework/src/Illuminate/Database/Schema/Blueprint.php(97): Illuminate\\Database\\Connection->statement('create table `p...')
#3 /Users/mikesylvestre/Documents/LyKnowledge/Client/Sayna/Client/Gomed/App_code/API/vendor/laravel/framework/src/Illuminate/Database/Schema/Builder.php(290): Illuminate\\Database\\Schema\\Blueprint->build(Object(Illuminate\\Database\\MySqlConnection), Object(Illuminate\\Database\\Schema\\Grammars\\MySqlGrammar))
#4 /Users/mikesylvestre/Documents/LyKnowledge/Client/Sayna/Client/Gomed/App_code/API/vendor/laravel/framework/src/Illuminate/Database/Schema/Builder.php(167): Illuminate\\Database\\Schema\\Builder->build(Object(Illuminate\\Database\\Schema\\Blueprint))
#5 /Users/mikesylvestre/Documents/LyKnowledge/Client/Sayna/Client/Gomed/App_code/API/vendor/laravel/framework/src/Illuminate/Support/Facades/Facade.php(261): Illuminate\\Database\\Schema\\Builder->create('password_resets', Object(Closure))
#6 /Users/mikesylvestre/Documents/LyKnowledge/Client/Sayna/Client/Gomed/App_code/API/database/migrations/2014_10_12_100000_create_password_resets_table.php(20): Illuminate\\Support\\Facades\\Facade::__callStatic('create', Array)
#7 /Users/mikesylvestre/Documents/LyKnowledge/Client/Sayna/Client/Gomed/App_code/API/vendor/laravel/framework/src/Illuminate/Database/Migrations/Migrator.php(392): CreatePasswordResetsTable->up()
#8 /Users/mikesylvestre/Documents/LyKnowledge/Client/Sayna/Client/Gomed/App_code/API/vendor/laravel/framework/src/Illuminate/Database/Migrations/Migrator.php(401): Illuminate\\Database\\Migrations\\Migrator->Illuminate\\Database\\Migrations\\{closure}()
#9 /Users/mikesylvestre/Documents/LyKnowledge/Client/Sayna/Client/Gomed/App_code/API/vendor/laravel/framework/src/Illuminate/Database/Migrations/Migrator.php(200): Illuminate\\Database\\Migrations\\Migrator->runMigration(Object(CreatePasswordResetsTable), 'up')
#10 /Users/mikesylvestre/Documents/LyKnowledge/Client/Sayna/Client/Gomed/App_code/API/vendor/laravel/framework/src/Illuminate/Database/Migrations/Migrator.php(165): Illuminate\\Database\\Migrations\\Migrator->runUp('/Users/mikesylv...', 1, false)
#11 /Users/mikesylvestre/Documents/LyKnowledge/Client/Sayna/Client/Gomed/App_code/API/vendor/laravel/framework/src/Illuminate/Database/Migrations/Migrator.php(110): Illuminate\\Database\\Migrations\\Migrator->runPending(Array, Array)
#12 /Users/mikesylvestre/Documents/LyKnowledge/Client/Sayna/Client/Gomed/App_code/API/vendor/laravel/framework/src/Illuminate/Database/Console/Migrations/MigrateCommand.php(71): Illuminate\\Database\\Migrations\\Migrator->run(Array, Array)
#13 /Users/mikesylvestre/Documents/LyKnowledge/Client/Sayna/Client/Gomed/App_code/API/vendor/laravel/framework/src/Illuminate/Container/BoundMethod.php(36): Illuminate\\Database\\Console\\Migrations\\MigrateCommand->handle()
#14 /Users/mikesylvestre/Documents/LyKnowledge/Client/Sayna/Client/Gomed/App_code/API/vendor/laravel/framework/src/Illuminate/Container/Util.php(37): Illuminate\\Container\\BoundMethod::Illuminate\\Container\\{closure}()
#15 /Users/mikesylvestre/Documents/LyKnowledge/Client/Sayna/Client/Gomed/App_code/API/vendor/laravel/framework/src/Illuminate/Container/BoundMethod.php(93): Illuminate\\Container\\Util::unwrapIfClosure(Object(Closure))
#16 /Users/mikesylvestre/Documents/LyKnowledge/Client/Sayna/Client/Gomed/App_code/API/vendor/laravel/framework/src/Illuminate/Container/BoundMethod.php(37): Illuminate\\Container\\BoundMethod::callBoundMethod(Object(Illuminate\\Foundation\\Application), Array, Object(Closure))
#17 /Users/mikesylvestre/Documents/LyKnowledge/Client/Sayna/Client/Gomed/App_code/API/vendor/laravel/framework/src/Illuminate/Container/Container.php(590): Illuminate\\Container\\BoundMethod::call(Object(Illuminate\\Foundation\\Application), Array, Array, NULL)
#18 /Users/mikesylvestre/Documents/LyKnowledge/Client/Sayna/Client/Gomed/App_code/API/vendor/laravel/framework/src/Illuminate/Console/Command.php(134): Illuminate\\Container\\Container->call(Array)
#19 /Users/mikesylvestre/Documents/LyKnowledge/Client/Sayna/Client/Gomed/App_code/API/vendor/symfony/console/Command/Command.php(255): Illuminate\\Console\\Command->execute(Object(Symfony\\Component\\Console\\Input\\ArrayInput), Object(Illuminate\\Console\\OutputStyle))
#20 /Users/mikesylvestre/Documents/LyKnowledge/Client/Sayna/Client/Gomed/App_code/API/vendor/laravel/framework/src/Illuminate/Console/Command.php(121): Symfony\\Component\\Console\\Command\\Command->run(Object(Symfony\\Component\\Console\\Input\\ArrayInput), Object(Illuminate\\Console\\OutputStyle))
#21 /Users/mikesylvestre/Documents/LyKnowledge/Client/Sayna/Client/Gomed/App_code/API/vendor/laravel/framework/src/Illuminate/Console/Concerns/CallsCommands.php(56): Illuminate\\Console\\Command->run(Object(Symfony\\Component\\Console\\Input\\ArrayInput), Object(Illuminate\\Console\\OutputStyle))
#22 /Users/mikesylvestre/Documents/LyKnowledge/Client/Sayna/Client/Gomed/App_code/API/vendor/laravel/framework/src/Illuminate/Console/Concerns/CallsCommands.php(28): Illuminate\\Console\\Command->runCommand('migrate', Array, Object(Illuminate\\Console\\OutputStyle))
#23 /Users/mikesylvestre/Documents/LyKnowledge/Client/Sayna/Client/Gomed/App_code/API/vendor/laravel/framework/src/Illuminate/Database/Console/Migrations/FreshCommand.php(52): Illuminate\\Console\\Command->call('migrate', Array)
#24 /Users/mikesylvestre/Documents/LyKnowledge/Client/Sayna/Client/Gomed/App_code/API/vendor/laravel/framework/src/Illuminate/Container/BoundMethod.php(36): Illuminate\\Database\\Console\\Migrations\\FreshCommand->handle()
#25 /Users/mikesylvestre/Documents/LyKnowledge/Client/Sayna/Client/Gomed/App_code/API/vendor/laravel/framework/src/Illuminate/Container/Util.php(37): Illuminate\\Container\\BoundMethod::Illuminate\\Container\\{closure}()
#26 /Users/mikesylvestre/Documents/LyKnowledge/Client/Sayna/Client/Gomed/App_code/API/vendor/laravel/framework/src/Illuminate/Container/BoundMethod.php(93): Illuminate\\Container\\Util::unwrapIfClosure(Object(Closure))
#27 /Users/mikesylvestre/Documents/LyKnowledge/Client/Sayna/Client/Gomed/App_code/API/vendor/laravel/framework/src/Illuminate/Container/BoundMethod.php(37): Illuminate\\Container\\BoundMethod::callBoundMethod(Object(Illuminate\\Foundation\\Application), Array, Object(Closure))
#28 /Users/mikesylvestre/Documents/LyKnowledge/Client/Sayna/Client/Gomed/App_code/API/vendor/laravel/framework/src/Illuminate/Container/Container.php(590): Illuminate\\Container\\BoundMethod::call(Object(Illuminate\\Foundation\\Application), Array, Array, NULL)
#29 /Users/mikesylvestre/Documents/LyKnowledge/Client/Sayna/Client/Gomed/App_code/API/vendor/laravel/framework/src/Illuminate/Console/Command.php(134): Illuminate\\Container\\Container->call(Array)
#30 /Users/mikesylvestre/Documents/LyKnowledge/Client/Sayna/Client/Gomed/App_code/API/vendor/symfony/console/Command/Command.php(255): Illuminate\\Console\\Command->execute(Object(Symfony\\Component\\Console\\Input\\ArgvInput), Object(Illuminate\\Console\\OutputStyle))
#31 /Users/mikesylvestre/Documents/LyKnowledge/Client/Sayna/Client/Gomed/App_code/API/vendor/laravel/framework/src/Illuminate/Console/Command.php(121): Symfony\\Component\\Console\\Command\\Command->run(Object(Symfony\\Component\\Console\\Input\\ArgvInput), Object(Illuminate\\Console\\OutputStyle))
#32 /Users/mikesylvestre/Documents/LyKnowledge/Client/Sayna/Client/Gomed/App_code/API/vendor/symfony/console/Application.php(1009): Illuminate\\Console\\Command->run(Object(Symfony\\Component\\Console\\Input\\ArgvInput), Object(Symfony\\Component\\Console\\Output\\ConsoleOutput))
#33 /Users/mikesylvestre/Documents/LyKnowledge/Client/Sayna/Client/Gomed/App_code/API/vendor/symfony/console/Application.php(273): Symfony\\Component\\Console\\Application->doRunCommand(Object(Illuminate\\Database\\Console\\Migrations\\FreshCommand), Object(Symfony\\Component\\Console\\Input\\ArgvInput), Object(Symfony\\Component\\Console\\Output\\ConsoleOutput))
#34 /Users/mikesylvestre/Documents/LyKnowledge/Client/Sayna/Client/Gomed/App_code/API/vendor/symfony/console/Application.php(149): Symfony\\Component\\Console\\Application->doRun(Object(Symfony\\Component\\Console\\Input\\ArgvInput), Object(Symfony\\Component\\Console\\Output\\ConsoleOutput))
#35 /Users/mikesylvestre/Documents/LyKnowledge/Client/Sayna/Client/Gomed/App_code/API/vendor/laravel/framework/src/Illuminate/Console/Application.php(93): Symfony\\Component\\Console\\Application->run(Object(Symfony\\Component\\Console\\Input\\ArgvInput), Object(Symfony\\Component\\Console\\Output\\ConsoleOutput))
#36 /Users/mikesylvestre/Documents/LyKnowledge/Client/Sayna/Client/Gomed/App_code/API/vendor/laravel/framework/src/Illuminate/Foundation/Console/Kernel.php(131): Illuminate\\Console\\Application->run(Object(Symfony\\Component\\Console\\Input\\ArgvInput), Object(Symfony\\Component\\Console\\Output\\ConsoleOutput))
#37 /Users/mikesylvestre/Documents/LyKnowledge/Client/Sayna/Client/Gomed/App_code/API/artisan(37): Illuminate\\Foundation\\Console\\Kernel->handle(Object(Symfony\\Component\\Console\\Input\\ArgvInput), Object(Symfony\\Component\\Console\\Output\\ConsoleOutput))
#38 {main}

[previous exception] [object] (PDOException(code: HY000): SQLSTATE[HY000]: General error: 3750 Unable to create or change a table without a primary key, when the system variable 'sql_require_primary_key' is set. Add a primary key to the table or unset this variable to avoid this message. Note that tables without a primary key can cause performance problems in row-based replication, so please consult your DBA before changing this setting. at /Users/mikesylvestre/Documents/LyKnowledge/Client/Sayna/Client/Gomed/App_code/API/vendor/laravel/framework/src/Illuminate/Database/Connection.php:463)
[stacktrace]
#0 /Users/mikesylvestre/Documents/LyKnowledge/Client/Sayna/Client/Gomed/App_code/API/vendor/laravel/framework/src/Illuminate/Database/Connection.php(463): PDOStatement->execute()
#1 /Users/mikesylvestre/Documents/LyKnowledge/Client/Sayna/Client/Gomed/App_code/API/vendor/laravel/framework/src/Illuminate/Database/Connection.php(662): Illuminate\\Database\\Connection->Illuminate\\Database\\{closure}('create table `p...', Array)
#2 /Users/mikesylvestre/Documents/LyKnowledge/Client/Sayna/Client/Gomed/App_code/API/vendor/laravel/framework/src/Illuminate/Database/Connection.php(629): Illuminate\\Database\\Connection->runQueryCallback('create table `p...', Array, Object(Closure))
#3 /Users/mikesylvestre/Documents/LyKnowledge/Client/Sayna/Client/Gomed/App_code/API/vendor/laravel/framework/src/Illuminate/Database/Connection.php(464): Illuminate\\Database\\Connection->run('create table `p...', Array, Object(Closure))
#4 /Users/mikesylvestre/Documents/LyKnowledge/Client/Sayna/Client/Gomed/App_code/API/vendor/laravel/framework/src/Illuminate/Database/Schema/Blueprint.php(97): Illuminate\\Database\\Connection->statement('create table `p...')
#5 /Users/mikesylvestre/Documents/LyKnowledge/Client/Sayna/Client/Gomed/App_code/API/vendor/laravel/framework/src/Illuminate/Database/Schema/Builder.php(290): Illuminate\\Database\\Schema\\Blueprint->build(Object(Illuminate\\Database\\MySqlConnection), Object(Illuminate\\Database\\Schema\\Grammars\\MySqlGrammar))
#6 /Users/mikesylvestre/Documents/LyKnowledge/Client/Sayna/Client/Gomed/App_code/API/vendor/laravel/framework/src/Illuminate/Database/Schema/Builder.php(167): Illuminate\\Database\\Schema\\Builder->build(Object(Illuminate\\Database\\Schema\\Blueprint))
#7 /Users/mikesylvestre/Documents/LyKnowledge/Client/Sayna/Client/Gomed/App_code/API/vendor/laravel/framework/src/Illuminate/Support/Facades/Facade.php(261): Illuminate\\Database\\Schema\\Builder->create('password_resets', Object(Closure))
#8 /Users/mikesylvestre/Documents/LyKnowledge/Client/Sayna/Client/Gomed/App_code/API/database/migrations/2014_10_12_100000_create_password_resets_table.php(20): Illuminate\\Support\\Facades\\Facade::__callStatic('create', Array)
#9 /Users/mikesylvestre/Documents/LyKnowledge/Client/Sayna/Client/Gomed/App_code/API/vendor/laravel/framework/src/Illuminate/Database/Migrations/Migrator.php(392): CreatePasswordResetsTable->up()
#10 /Users/mikesylvestre/Documents/LyKnowledge/Client/Sayna/Client/Gomed/App_code/API/vendor/laravel/framework/src/Illuminate/Database/Migrations/Migrator.php(401): Illuminate\\Database\\Migrations\\Migrator->Illuminate\\Database\\Migrations\\{closure}()
#11 /Users/mikesylvestre/Documents/LyKnowledge/Client/Sayna/Client/Gomed/App_code/API/vendor/laravel/framework/src/Illuminate/Database/Migrations/Migrator.php(200): Illuminate\\Database\\Migrations\\Migrator->runMigration(Object(CreatePasswordResetsTable), 'up')
#12 /Users/mikesylvestre/Documents/LyKnowledge/Client/Sayna/Client/Gomed/App_code/API/vendor/laravel/framework/src/Illuminate/Database/Migrations/Migrator.php(165): Illuminate\\Database\\Migrations\\Migrator->runUp('/Users/mikesylv...', 1, false)
#13 /Users/mikesylvestre/Documents/LyKnowledge/Client/Sayna/Client/Gomed/App_code/API/vendor/laravel/framework/src/Illuminate/Database/Migrations/Migrator.php(110): Illuminate\\Database\\Migrations\\Migrator->runPending(Array, Array)
#14 /Users/mikesylvestre/Documents/LyKnowledge/Client/Sayna/Client/Gomed/App_code/API/vendor/laravel/framework/src/Illuminate/Database/Console/Migrations/MigrateCommand.php(71): Illuminate\\Database\\Migrations\\Migrator->run(Array, Array)
#15 /Users/mikesylvestre/Documents/LyKnowledge/Client/Sayna/Client/Gomed/App_code/API/vendor/laravel/framework/src/Illuminate/Container/BoundMethod.php(36): Illuminate\\Database\\Console\\Migrations\\MigrateCommand->handle()
#16 /Users/mikesylvestre/Documents/LyKnowledge/Client/Sayna/Client/Gomed/App_code/API/vendor/laravel/framework/src/Illuminate/Container/Util.php(37): Illuminate\\Container\\BoundMethod::Illuminate\\Container\\{closure}()
#17 /Users/mikesylvestre/Documents/LyKnowledge/Client/Sayna/Client/Gomed/App_code/API/vendor/laravel/framework/src/Illuminate/Container/BoundMethod.php(93): Illuminate\\Container\\Util::unwrapIfClosure(Object(Closure))
#18 /Users/mikesylvestre/Documents/LyKnowledge/Client/Sayna/Client/Gomed/App_code/API/vendor/laravel/framework/src/Illuminate/Container/BoundMethod.php(37): Illuminate\\Container\\BoundMethod::callBoundMethod(Object(Illuminate\\Foundation\\Application), Array, Object(Closure))
#19 /Users/mikesylvestre/Documents/LyKnowledge/Client/Sayna/Client/Gomed/App_code/API/vendor/laravel/framework/src/Illuminate/Container/Container.php(590): Illuminate\\Container\\BoundMethod::call(Object(Illuminate\\Foundation\\Application), Array, Array, NULL)
#20 /Users/mikesylvestre/Documents/LyKnowledge/Client/Sayna/Client/Gomed/App_code/API/vendor/laravel/framework/src/Illuminate/Console/Command.php(134): Illuminate\\Container\\Container->call(Array)
#21 /Users/mikesylvestre/Documents/LyKnowledge/Client/Sayna/Client/Gomed/App_code/API/vendor/symfony/console/Command/Command.php(255): Illuminate\\Console\\Command->execute(Object(Symfony\\Component\\Console\\Input\\ArrayInput), Object(Illuminate\\Console\\OutputStyle))
#22 /Users/mikesylvestre/Documents/LyKnowledge/Client/Sayna/Client/Gomed/App_code/API/vendor/laravel/framework/src/Illuminate/Console/Command.php(121): Symfony\\Component\\Console\\Command\\Command->run(Object(Symfony\\Component\\Console\\Input\\ArrayInput), Object(Illuminate\\Console\\OutputStyle))
#23 /Users/mikesylvestre/Documents/LyKnowledge/Client/Sayna/Client/Gomed/App_code/API/vendor/laravel/framework/src/Illuminate/Console/Concerns/CallsCommands.php(56): Illuminate\\Console\\Command->run(Object(Symfony\\Component\\Console\\Input\\ArrayInput), Object(Illuminate\\Console\\OutputStyle))
#24 /Users/mikesylvestre/Documents/LyKnowledge/Client/Sayna/Client/Gomed/App_code/API/vendor/laravel/framework/src/Illuminate/Console/Concerns/CallsCommands.php(28): Illuminate\\Console\\Command->runCommand('migrate', Array, Object(Illuminate\\Console\\OutputStyle))
#25 /Users/mikesylvestre/Documents/LyKnowledge/Client/Sayna/Client/Gomed/App_code/API/vendor/laravel/framework/src/Illuminate/Database/Console/Migrations/FreshCommand.php(52): Illuminate\\Console\\Command->call('migrate', Array)
#26 /Users/mikesylvestre/Documents/LyKnowledge/Client/Sayna/Client/Gomed/App_code/API/vendor/laravel/framework/src/Illuminate/Container/BoundMethod.php(36): Illuminate\\Database\\Console\\Migrations\\FreshCommand->handle()
#27 /Users/mikesylvestre/Documents/LyKnowledge/Client/Sayna/Client/Gomed/App_code/API/vendor/laravel/framework/src/Illuminate/Container/Util.php(37): Illuminate\\Container\\BoundMethod::Illuminate\\Container\\{closure}()
#28 /Users/mikesylvestre/Documents/LyKnowledge/Client/Sayna/Client/Gomed/App_code/API/vendor/laravel/framework/src/Illuminate/Container/BoundMethod.php(93): Illuminate\\Container\\Util::unwrapIfClosure(Object(Closure))
#29 /Users/mikesylvestre/Documents/LyKnowledge/Client/Sayna/Client/Gomed/App_code/API/vendor/laravel/framework/src/Illuminate/Container/BoundMethod.php(37): Illuminate\\Container\\BoundMethod::callBoundMethod(Object(Illuminate\\Foundation\\Application), Array, Object(Closure))
#30 /Users/mikesylvestre/Documents/LyKnowledge/Client/Sayna/Client/Gomed/App_code/API/vendor/laravel/framework/src/Illuminate/Container/Container.php(590): Illuminate\\Container\\BoundMethod::call(Object(Illuminate\\Foundation\\Application), Array, Array, NULL)
#31 /Users/mikesylvestre/Documents/LyKnowledge/Client/Sayna/Client/Gomed/App_code/API/vendor/laravel/framework/src/Illuminate/Console/Command.php(134): Illuminate\\Container\\Container->call(Array)
#32 /Users/mikesylvestre/Documents/LyKnowledge/Client/Sayna/Client/Gomed/App_code/API/vendor/symfony/console/Command/Command.php(255): Illuminate\\Console\\Command->execute(Object(Symfony\\Component\\Console\\Input\\ArgvInput), Object(Illuminate\\Console\\OutputStyle))
#33 /Users/mikesylvestre/Documents/LyKnowledge/Client/Sayna/Client/Gomed/App_code/API/vendor/laravel/framework/src/Illuminate/Console/Command.php(121): Symfony\\Component\\Console\\Command\\Command->run(Object(Symfony\\Component\\Console\\Input\\ArgvInput), Object(Illuminate\\Console\\OutputStyle))
#34 /Users/mikesylvestre/Documents/LyKnowledge/Client/Sayna/Client/Gomed/App_code/API/vendor/symfony/console/Application.php(1009): Illuminate\\Console\\Command->run(Object(Symfony\\Component\\Console\\Input\\ArgvInput), Object(Symfony\\Component\\Console\\Output\\ConsoleOutput))
#35 /Users/mikesylvestre/Documents/LyKnowledge/Client/Sayna/Client/Gomed/App_code/API/vendor/symfony/console/Application.php(273): Symfony\\Component\\Console\\Application->doRunCommand(Object(Illuminate\\Database\\Console\\Migrations\\FreshCommand), Object(Symfony\\Component\\Console\\Input\\ArgvInput), Object(Symfony\\Component\\Console\\Output\\ConsoleOutput))
#36 /Users/mikesylvestre/Documents/LyKnowledge/Client/Sayna/Client/Gomed/App_code/API/vendor/symfony/console/Application.php(149): Symfony\\Component\\Console\\Application->doRun(Object(Symfony\\Component\\Console\\Input\\ArgvInput), Object(Symfony\\Component\\Console\\Output\\ConsoleOutput))
#37 /Users/mikesylvestre/Documents/LyKnowledge/Client/Sayna/Client/Gomed/App_code/API/vendor/laravel/framework/src/Illuminate/Console/Application.php(93): Symfony\\Component\\Console\\Application->run(Object(Symfony\\Component\\Console\\Input\\ArgvInput), Object(Symfony\\Component\\Console\\Output\\ConsoleOutput))
#38 /Users/mikesylvestre/Documents/LyKnowledge/Client/Sayna/Client/Gomed/App_code/API/vendor/laravel/framework/src/Illuminate/Foundation/Console/Kernel.php(131): Illuminate\\Console\\Application->run(Object(Symfony\\Component\\Console\\Input\\ArgvInput), Object(Symfony\\Component\\Console\\Output\\ConsoleOutput))
#39 /Users/mikesylvestre/Documents/LyKnowledge/Client/Sayna/Client/Gomed/App_code/API/artisan(37): Illuminate\\Foundation\\Console\\Kernel->handle(Object(Symfony\\Component\\Console\\Input\\ArgvInput), Object(Symfony\\Component\\Console\\Output\\ConsoleOutput))
#40 {main}
"} 
[2022-04-15 10:52:57] local.ERROR: SQLSTATE[HY000]: General error: 3750 Unable to create or change a table without a primary key, when the system variable 'sql_require_primary_key' is set. Add a primary key to the table or unset this variable to avoid this message. Note that tables without a primary key can cause performance problems in row-based replication, so please consult your DBA before changing this setting. (SQL: create table `password_resets` (`email` varchar(191) not null, `token` varchar(191) not null, `created_at` timestamp null) default character set utf8mb4 collate 'utf8mb4_unicode_ci') {"exception":"[object] (Illuminate\\Database\\QueryException(code: HY000): SQLSTATE[HY000]: General error: 3750 Unable to create or change a table without a primary key, when the system variable 'sql_require_primary_key' is set. Add a primary key to the table or unset this variable to avoid this message. Note that tables without a primary key can cause performance problems in row-based replication, so please consult your DBA before changing this setting. (SQL: create table `password_resets` (`email` varchar(191) not null, `token` varchar(191) not null, `created_at` timestamp null) default character set utf8mb4 collate 'utf8mb4_unicode_ci') at /Users/mikesylvestre/Documents/LyKnowledge/Client/Sayna/Client/Gomed/App_code/API/vendor/laravel/framework/src/Illuminate/Database/Connection.php:669)
[stacktrace]
#0 /Users/mikesylvestre/Documents/LyKnowledge/Client/Sayna/Client/Gomed/App_code/API/vendor/laravel/framework/src/Illuminate/Database/Connection.php(629): Illuminate\\Database\\Connection->runQueryCallback('create table `p...', Array, Object(Closure))
#1 /Users/mikesylvestre/Documents/LyKnowledge/Client/Sayna/Client/Gomed/App_code/API/vendor/laravel/framework/src/Illuminate/Database/Connection.php(464): Illuminate\\Database\\Connection->run('create table `p...', Array, Object(Closure))
#2 /Users/mikesylvestre/Documents/LyKnowledge/Client/Sayna/Client/Gomed/App_code/API/vendor/laravel/framework/src/Illuminate/Database/Schema/Blueprint.php(97): Illuminate\\Database\\Connection->statement('create table `p...')
#3 /Users/mikesylvestre/Documents/LyKnowledge/Client/Sayna/Client/Gomed/App_code/API/vendor/laravel/framework/src/Illuminate/Database/Schema/Builder.php(290): Illuminate\\Database\\Schema\\Blueprint->build(Object(Illuminate\\Database\\MySqlConnection), Object(Illuminate\\Database\\Schema\\Grammars\\MySqlGrammar))
#4 /Users/mikesylvestre/Documents/LyKnowledge/Client/Sayna/Client/Gomed/App_code/API/vendor/laravel/framework/src/Illuminate/Database/Schema/Builder.php(167): Illuminate\\Database\\Schema\\Builder->build(Object(Illuminate\\Database\\Schema\\Blueprint))
#5 /Users/mikesylvestre/Documents/LyKnowledge/Client/Sayna/Client/Gomed/App_code/API/vendor/laravel/framework/src/Illuminate/Support/Facades/Facade.php(261): Illuminate\\Database\\Schema\\Builder->create('password_resets', Object(Closure))
#6 /Users/mikesylvestre/Documents/LyKnowledge/Client/Sayna/Client/Gomed/App_code/API/database/migrations/2014_10_12_100000_create_password_resets_table.php(20): Illuminate\\Support\\Facades\\Facade::__callStatic('create', Array)
#7 /Users/mikesylvestre/Documents/LyKnowledge/Client/Sayna/Client/Gomed/App_code/API/vendor/laravel/framework/src/Illuminate/Database/Migrations/Migrator.php(392): CreatePasswordResetsTable->up()
#8 /Users/mikesylvestre/Documents/LyKnowledge/Client/Sayna/Client/Gomed/App_code/API/vendor/laravel/framework/src/Illuminate/Database/Migrations/Migrator.php(401): Illuminate\\Database\\Migrations\\Migrator->Illuminate\\Database\\Migrations\\{closure}()
#9 /Users/mikesylvestre/Documents/LyKnowledge/Client/Sayna/Client/Gomed/App_code/API/vendor/laravel/framework/src/Illuminate/Database/Migrations/Migrator.php(200): Illuminate\\Database\\Migrations\\Migrator->runMigration(Object(CreatePasswordResetsTable), 'up')
#10 /Users/mikesylvestre/Documents/LyKnowledge/Client/Sayna/Client/Gomed/App_code/API/vendor/laravel/framework/src/Illuminate/Database/Migrations/Migrator.php(165): Illuminate\\Database\\Migrations\\Migrator->runUp('/Users/mikesylv...', 1, false)
#11 /Users/mikesylvestre/Documents/LyKnowledge/Client/Sayna/Client/Gomed/App_code/API/vendor/laravel/framework/src/Illuminate/Database/Migrations/Migrator.php(110): Illuminate\\Database\\Migrations\\Migrator->runPending(Array, Array)
#12 /Users/mikesylvestre/Documents/LyKnowledge/Client/Sayna/Client/Gomed/App_code/API/vendor/laravel/framework/src/Illuminate/Database/Console/Migrations/MigrateCommand.php(71): Illuminate\\Database\\Migrations\\Migrator->run(Array, Array)
#13 /Users/mikesylvestre/Documents/LyKnowledge/Client/Sayna/Client/Gomed/App_code/API/vendor/laravel/framework/src/Illuminate/Container/BoundMethod.php(36): Illuminate\\Database\\Console\\Migrations\\MigrateCommand->handle()
#14 /Users/mikesylvestre/Documents/LyKnowledge/Client/Sayna/Client/Gomed/App_code/API/vendor/laravel/framework/src/Illuminate/Container/Util.php(37): Illuminate\\Container\\BoundMethod::Illuminate\\Container\\{closure}()
#15 /Users/mikesylvestre/Documents/LyKnowledge/Client/Sayna/Client/Gomed/App_code/API/vendor/laravel/framework/src/Illuminate/Container/BoundMethod.php(93): Illuminate\\Container\\Util::unwrapIfClosure(Object(Closure))
#16 /Users/mikesylvestre/Documents/LyKnowledge/Client/Sayna/Client/Gomed/App_code/API/vendor/laravel/framework/src/Illuminate/Container/BoundMethod.php(37): Illuminate\\Container\\BoundMethod::callBoundMethod(Object(Illuminate\\Foundation\\Application), Array, Object(Closure))
#17 /Users/mikesylvestre/Documents/LyKnowledge/Client/Sayna/Client/Gomed/App_code/API/vendor/laravel/framework/src/Illuminate/Container/Container.php(590): Illuminate\\Container\\BoundMethod::call(Object(Illuminate\\Foundation\\Application), Array, Array, NULL)
#18 /Users/mikesylvestre/Documents/LyKnowledge/Client/Sayna/Client/Gomed/App_code/API/vendor/laravel/framework/src/Illuminate/Console/Command.php(134): Illuminate\\Container\\Container->call(Array)
#19 /Users/mikesylvestre/Documents/LyKnowledge/Client/Sayna/Client/Gomed/App_code/API/vendor/symfony/console/Command/Command.php(255): Illuminate\\Console\\Command->execute(Object(Symfony\\Component\\Console\\Input\\ArrayInput), Object(Illuminate\\Console\\OutputStyle))
#20 /Users/mikesylvestre/Documents/LyKnowledge/Client/Sayna/Client/Gomed/App_code/API/vendor/laravel/framework/src/Illuminate/Console/Command.php(121): Symfony\\Component\\Console\\Command\\Command->run(Object(Symfony\\Component\\Console\\Input\\ArrayInput), Object(Illuminate\\Console\\OutputStyle))
#21 /Users/mikesylvestre/Documents/LyKnowledge/Client/Sayna/Client/Gomed/App_code/API/vendor/laravel/framework/src/Illuminate/Console/Concerns/CallsCommands.php(56): Illuminate\\Console\\Command->run(Object(Symfony\\Component\\Console\\Input\\ArrayInput), Object(Illuminate\\Console\\OutputStyle))
#22 /Users/mikesylvestre/Documents/LyKnowledge/Client/Sayna/Client/Gomed/App_code/API/vendor/laravel/framework/src/Illuminate/Console/Concerns/CallsCommands.php(28): Illuminate\\Console\\Command->runCommand('migrate', Array, Object(Illuminate\\Console\\OutputStyle))
#23 /Users/mikesylvestre/Documents/LyKnowledge/Client/Sayna/Client/Gomed/App_code/API/vendor/laravel/framework/src/Illuminate/Database/Console/Migrations/FreshCommand.php(52): Illuminate\\Console\\Command->call('migrate', Array)
#24 /Users/mikesylvestre/Documents/LyKnowledge/Client/Sayna/Client/Gomed/App_code/API/vendor/laravel/framework/src/Illuminate/Container/BoundMethod.php(36): Illuminate\\Database\\Console\\Migrations\\FreshCommand->handle()
#25 /Users/mikesylvestre/Documents/LyKnowledge/Client/Sayna/Client/Gomed/App_code/API/vendor/laravel/framework/src/Illuminate/Container/Util.php(37): Illuminate\\Container\\BoundMethod::Illuminate\\Container\\{closure}()
#26 /Users/mikesylvestre/Documents/LyKnowledge/Client/Sayna/Client/Gomed/App_code/API/vendor/laravel/framework/src/Illuminate/Container/BoundMethod.php(93): Illuminate\\Container\\Util::unwrapIfClosure(Object(Closure))
#27 /Users/mikesylvestre/Documents/LyKnowledge/Client/Sayna/Client/Gomed/App_code/API/vendor/laravel/framework/src/Illuminate/Container/BoundMethod.php(37): Illuminate\\Container\\BoundMethod::callBoundMethod(Object(Illuminate\\Foundation\\Application), Array, Object(Closure))
#28 /Users/mikesylvestre/Documents/LyKnowledge/Client/Sayna/Client/Gomed/App_code/API/vendor/laravel/framework/src/Illuminate/Container/Container.php(590): Illuminate\\Container\\BoundMethod::call(Object(Illuminate\\Foundation\\Application), Array, Array, NULL)
#29 /Users/mikesylvestre/Documents/LyKnowledge/Client/Sayna/Client/Gomed/App_code/API/vendor/laravel/framework/src/Illuminate/Console/Command.php(134): Illuminate\\Container\\Container->call(Array)
#30 /Users/mikesylvestre/Documents/LyKnowledge/Client/Sayna/Client/Gomed/App_code/API/vendor/symfony/console/Command/Command.php(255): Illuminate\\Console\\Command->execute(Object(Symfony\\Component\\Console\\Input\\ArgvInput), Object(Illuminate\\Console\\OutputStyle))
#31 /Users/mikesylvestre/Documents/LyKnowledge/Client/Sayna/Client/Gomed/App_code/API/vendor/laravel/framework/src/Illuminate/Console/Command.php(121): Symfony\\Component\\Console\\Command\\Command->run(Object(Symfony\\Component\\Console\\Input\\ArgvInput), Object(Illuminate\\Console\\OutputStyle))
#32 /Users/mikesylvestre/Documents/LyKnowledge/Client/Sayna/Client/Gomed/App_code/API/vendor/symfony/console/Application.php(1009): Illuminate\\Console\\Command->run(Object(Symfony\\Component\\Console\\Input\\ArgvInput), Object(Symfony\\Component\\Console\\Output\\ConsoleOutput))
#33 /Users/mikesylvestre/Documents/LyKnowledge/Client/Sayna/Client/Gomed/App_code/API/vendor/symfony/console/Application.php(273): Symfony\\Component\\Console\\Application->doRunCommand(Object(Illuminate\\Database\\Console\\Migrations\\FreshCommand), Object(Symfony\\Component\\Console\\Input\\ArgvInput), Object(Symfony\\Component\\Console\\Output\\ConsoleOutput))
#34 /Users/mikesylvestre/Documents/LyKnowledge/Client/Sayna/Client/Gomed/App_code/API/vendor/symfony/console/Application.php(149): Symfony\\Component\\Console\\Application->doRun(Object(Symfony\\Component\\Console\\Input\\ArgvInput), Object(Symfony\\Component\\Console\\Output\\ConsoleOutput))
#35 /Users/mikesylvestre/Documents/LyKnowledge/Client/Sayna/Client/Gomed/App_code/API/vendor/laravel/framework/src/Illuminate/Console/Application.php(93): Symfony\\Component\\Console\\Application->run(Object(Symfony\\Component\\Console\\Input\\ArgvInput), Object(Symfony\\Component\\Console\\Output\\ConsoleOutput))
#36 /Users/mikesylvestre/Documents/LyKnowledge/Client/Sayna/Client/Gomed/App_code/API/vendor/laravel/framework/src/Illuminate/Foundation/Console/Kernel.php(131): Illuminate\\Console\\Application->run(Object(Symfony\\Component\\Console\\Input\\ArgvInput), Object(Symfony\\Component\\Console\\Output\\ConsoleOutput))
#37 /Users/mikesylvestre/Documents/LyKnowledge/Client/Sayna/Client/Gomed/App_code/API/artisan(37): Illuminate\\Foundation\\Console\\Kernel->handle(Object(Symfony\\Component\\Console\\Input\\ArgvInput), Object(Symfony\\Component\\Console\\Output\\ConsoleOutput))
#38 {main}

[previous exception] [object] (PDOException(code: HY000): SQLSTATE[HY000]: General error: 3750 Unable to create or change a table without a primary key, when the system variable 'sql_require_primary_key' is set. Add a primary key to the table or unset this variable to avoid this message. Note that tables without a primary key can cause performance problems in row-based replication, so please consult your DBA before changing this setting. at /Users/mikesylvestre/Documents/LyKnowledge/Client/Sayna/Client/Gomed/App_code/API/vendor/laravel/framework/src/Illuminate/Database/Connection.php:463)
[stacktrace]
#0 /Users/mikesylvestre/Documents/LyKnowledge/Client/Sayna/Client/Gomed/App_code/API/vendor/laravel/framework/src/Illuminate/Database/Connection.php(463): PDOStatement->execute()
#1 /Users/mikesylvestre/Documents/LyKnowledge/Client/Sayna/Client/Gomed/App_code/API/vendor/laravel/framework/src/Illuminate/Database/Connection.php(662): Illuminate\\Database\\Connection->Illuminate\\Database\\{closure}('create table `p...', Array)
#2 /Users/mikesylvestre/Documents/LyKnowledge/Client/Sayna/Client/Gomed/App_code/API/vendor/laravel/framework/src/Illuminate/Database/Connection.php(629): Illuminate\\Database\\Connection->runQueryCallback('create table `p...', Array, Object(Closure))
#3 /Users/mikesylvestre/Documents/LyKnowledge/Client/Sayna/Client/Gomed/App_code/API/vendor/laravel/framework/src/Illuminate/Database/Connection.php(464): Illuminate\\Database\\Connection->run('create table `p...', Array, Object(Closure))
#4 /Users/mikesylvestre/Documents/LyKnowledge/Client/Sayna/Client/Gomed/App_code/API/vendor/laravel/framework/src/Illuminate/Database/Schema/Blueprint.php(97): Illuminate\\Database\\Connection->statement('create table `p...')
#5 /Users/mikesylvestre/Documents/LyKnowledge/Client/Sayna/Client/Gomed/App_code/API/vendor/laravel/framework/src/Illuminate/Database/Schema/Builder.php(290): Illuminate\\Database\\Schema\\Blueprint->build(Object(Illuminate\\Database\\MySqlConnection), Object(Illuminate\\Database\\Schema\\Grammars\\MySqlGrammar))
#6 /Users/mikesylvestre/Documents/LyKnowledge/Client/Sayna/Client/Gomed/App_code/API/vendor/laravel/framework/src/Illuminate/Database/Schema/Builder.php(167): Illuminate\\Database\\Schema\\Builder->build(Object(Illuminate\\Database\\Schema\\Blueprint))
#7 /Users/mikesylvestre/Documents/LyKnowledge/Client/Sayna/Client/Gomed/App_code/API/vendor/laravel/framework/src/Illuminate/Support/Facades/Facade.php(261): Illuminate\\Database\\Schema\\Builder->create('password_resets', Object(Closure))
#8 /Users/mikesylvestre/Documents/LyKnowledge/Client/Sayna/Client/Gomed/App_code/API/database/migrations/2014_10_12_100000_create_password_resets_table.php(20): Illuminate\\Support\\Facades\\Facade::__callStatic('create', Array)
#9 /Users/mikesylvestre/Documents/LyKnowledge/Client/Sayna/Client/Gomed/App_code/API/vendor/laravel/framework/src/Illuminate/Database/Migrations/Migrator.php(392): CreatePasswordResetsTable->up()
#10 /Users/mikesylvestre/Documents/LyKnowledge/Client/Sayna/Client/Gomed/App_code/API/vendor/laravel/framework/src/Illuminate/Database/Migrations/Migrator.php(401): Illuminate\\Database\\Migrations\\Migrator->Illuminate\\Database\\Migrations\\{closure}()
#11 /Users/mikesylvestre/Documents/LyKnowledge/Client/Sayna/Client/Gomed/App_code/API/vendor/laravel/framework/src/Illuminate/Database/Migrations/Migrator.php(200): Illuminate\\Database\\Migrations\\Migrator->runMigration(Object(CreatePasswordResetsTable), 'up')
#12 /Users/mikesylvestre/Documents/LyKnowledge/Client/Sayna/Client/Gomed/App_code/API/vendor/laravel/framework/src/Illuminate/Database/Migrations/Migrator.php(165): Illuminate\\Database\\Migrations\\Migrator->runUp('/Users/mikesylv...', 1, false)
#13 /Users/mikesylvestre/Documents/LyKnowledge/Client/Sayna/Client/Gomed/App_code/API/vendor/laravel/framework/src/Illuminate/Database/Migrations/Migrator.php(110): Illuminate\\Database\\Migrations\\Migrator->runPending(Array, Array)
#14 /Users/mikesylvestre/Documents/LyKnowledge/Client/Sayna/Client/Gomed/App_code/API/vendor/laravel/framework/src/Illuminate/Database/Console/Migrations/MigrateCommand.php(71): Illuminate\\Database\\Migrations\\Migrator->run(Array, Array)
#15 /Users/mikesylvestre/Documents/LyKnowledge/Client/Sayna/Client/Gomed/App_code/API/vendor/laravel/framework/src/Illuminate/Container/BoundMethod.php(36): Illuminate\\Database\\Console\\Migrations\\MigrateCommand->handle()
#16 /Users/mikesylvestre/Documents/LyKnowledge/Client/Sayna/Client/Gomed/App_code/API/vendor/laravel/framework/src/Illuminate/Container/Util.php(37): Illuminate\\Container\\BoundMethod::Illuminate\\Container\\{closure}()
#17 /Users/mikesylvestre/Documents/LyKnowledge/Client/Sayna/Client/Gomed/App_code/API/vendor/laravel/framework/src/Illuminate/Container/BoundMethod.php(93): Illuminate\\Container\\Util::unwrapIfClosure(Object(Closure))
#18 /Users/mikesylvestre/Documents/LyKnowledge/Client/Sayna/Client/Gomed/App_code/API/vendor/laravel/framework/src/Illuminate/Container/BoundMethod.php(37): Illuminate\\Container\\BoundMethod::callBoundMethod(Object(Illuminate\\Foundation\\Application), Array, Object(Closure))
#19 /Users/mikesylvestre/Documents/LyKnowledge/Client/Sayna/Client/Gomed/App_code/API/vendor/laravel/framework/src/Illuminate/Container/Container.php(590): Illuminate\\Container\\BoundMethod::call(Object(Illuminate\\Foundation\\Application), Array, Array, NULL)
#20 /Users/mikesylvestre/Documents/LyKnowledge/Client/Sayna/Client/Gomed/App_code/API/vendor/laravel/framework/src/Illuminate/Console/Command.php(134): Illuminate\\Container\\Container->call(Array)
#21 /Users/mikesylvestre/Documents/LyKnowledge/Client/Sayna/Client/Gomed/App_code/API/vendor/symfony/console/Command/Command.php(255): Illuminate\\Console\\Command->execute(Object(Symfony\\Component\\Console\\Input\\ArrayInput), Object(Illuminate\\Console\\OutputStyle))
#22 /Users/mikesylvestre/Documents/LyKnowledge/Client/Sayna/Client/Gomed/App_code/API/vendor/laravel/framework/src/Illuminate/Console/Command.php(121): Symfony\\Component\\Console\\Command\\Command->run(Object(Symfony\\Component\\Console\\Input\\ArrayInput), Object(Illuminate\\Console\\OutputStyle))
#23 /Users/mikesylvestre/Documents/LyKnowledge/Client/Sayna/Client/Gomed/App_code/API/vendor/laravel/framework/src/Illuminate/Console/Concerns/CallsCommands.php(56): Illuminate\\Console\\Command->run(Object(Symfony\\Component\\Console\\Input\\ArrayInput), Object(Illuminate\\Console\\OutputStyle))
#24 /Users/mikesylvestre/Documents/LyKnowledge/Client/Sayna/Client/Gomed/App_code/API/vendor/laravel/framework/src/Illuminate/Console/Concerns/CallsCommands.php(28): Illuminate\\Console\\Command->runCommand('migrate', Array, Object(Illuminate\\Console\\OutputStyle))
#25 /Users/mikesylvestre/Documents/LyKnowledge/Client/Sayna/Client/Gomed/App_code/API/vendor/laravel/framework/src/Illuminate/Database/Console/Migrations/FreshCommand.php(52): Illuminate\\Console\\Command->call('migrate', Array)
#26 /Users/mikesylvestre/Documents/LyKnowledge/Client/Sayna/Client/Gomed/App_code/API/vendor/laravel/framework/src/Illuminate/Container/BoundMethod.php(36): Illuminate\\Database\\Console\\Migrations\\FreshCommand->handle()
#27 /Users/mikesylvestre/Documents/LyKnowledge/Client/Sayna/Client/Gomed/App_code/API/vendor/laravel/framework/src/Illuminate/Container/Util.php(37): Illuminate\\Container\\BoundMethod::Illuminate\\Container\\{closure}()
#28 /Users/mikesylvestre/Documents/LyKnowledge/Client/Sayna/Client/Gomed/App_code/API/vendor/laravel/framework/src/Illuminate/Container/BoundMethod.php(93): Illuminate\\Container\\Util::unwrapIfClosure(Object(Closure))
#29 /Users/mikesylvestre/Documents/LyKnowledge/Client/Sayna/Client/Gomed/App_code/API/vendor/laravel/framework/src/Illuminate/Container/BoundMethod.php(37): Illuminate\\Container\\BoundMethod::callBoundMethod(Object(Illuminate\\Foundation\\Application), Array, Object(Closure))
#30 /Users/mikesylvestre/Documents/LyKnowledge/Client/Sayna/Client/Gomed/App_code/API/vendor/laravel/framework/src/Illuminate/Container/Container.php(590): Illuminate\\Container\\BoundMethod::call(Object(Illuminate\\Foundation\\Application), Array, Array, NULL)
#31 /Users/mikesylvestre/Documents/LyKnowledge/Client/Sayna/Client/Gomed/App_code/API/vendor/laravel/framework/src/Illuminate/Console/Command.php(134): Illuminate\\Container\\Container->call(Array)
#32 /Users/mikesylvestre/Documents/LyKnowledge/Client/Sayna/Client/Gomed/App_code/API/vendor/symfony/console/Command/Command.php(255): Illuminate\\Console\\Command->execute(Object(Symfony\\Component\\Console\\Input\\ArgvInput), Object(Illuminate\\Console\\OutputStyle))
#33 /Users/mikesylvestre/Documents/LyKnowledge/Client/Sayna/Client/Gomed/App_code/API/vendor/laravel/framework/src/Illuminate/Console/Command.php(121): Symfony\\Component\\Console\\Command\\Command->run(Object(Symfony\\Component\\Console\\Input\\ArgvInput), Object(Illuminate\\Console\\OutputStyle))
#34 /Users/mikesylvestre/Documents/LyKnowledge/Client/Sayna/Client/Gomed/App_code/API/vendor/symfony/console/Application.php(1009): Illuminate\\Console\\Command->run(Object(Symfony\\Component\\Console\\Input\\ArgvInput), Object(Symfony\\Component\\Console\\Output\\ConsoleOutput))
#35 /Users/mikesylvestre/Documents/LyKnowledge/Client/Sayna/Client/Gomed/App_code/API/vendor/symfony/console/Application.php(273): Symfony\\Component\\Console\\Application->doRunCommand(Object(Illuminate\\Database\\Console\\Migrations\\FreshCommand), Object(Symfony\\Component\\Console\\Input\\ArgvInput), Object(Symfony\\Component\\Console\\Output\\ConsoleOutput))
#36 /Users/mikesylvestre/Documents/LyKnowledge/Client/Sayna/Client/Gomed/App_code/API/vendor/symfony/console/Application.php(149): Symfony\\Component\\Console\\Application->doRun(Object(Symfony\\Component\\Console\\Input\\ArgvInput), Object(Symfony\\Component\\Console\\Output\\ConsoleOutput))
#37 /Users/mikesylvestre/Documents/LyKnowledge/Client/Sayna/Client/Gomed/App_code/API/vendor/laravel/framework/src/Illuminate/Console/Application.php(93): Symfony\\Component\\Console\\Application->run(Object(Symfony\\Component\\Console\\Input\\ArgvInput), Object(Symfony\\Component\\Console\\Output\\ConsoleOutput))
#38 /Users/mikesylvestre/Documents/LyKnowledge/Client/Sayna/Client/Gomed/App_code/API/vendor/laravel/framework/src/Illuminate/Foundation/Console/Kernel.php(131): Illuminate\\Console\\Application->run(Object(Symfony\\Component\\Console\\Input\\ArgvInput), Object(Symfony\\Component\\Console\\Output\\ConsoleOutput))
#39 /Users/mikesylvestre/Documents/LyKnowledge/Client/Sayna/Client/Gomed/App_code/API/artisan(37): Illuminate\\Foundation\\Console\\Kernel->handle(Object(Symfony\\Component\\Console\\Input\\ArgvInput), Object(Symfony\\Component\\Console\\Output\\ConsoleOutput))
#40 {main}
"} 
